---------------------------------------------------------------
[ 2019-09-01T12:52:58+08:00 ] 223.104.64.241 POST weicess.com/weice/public/index.php/index/login
[运行时间：2.531250s] [吞吐率：0.40req/s] [内存消耗：1,693.30kb] [文件加载：40]
[ info ] [ LANG ] E:\web\hesj84h8\wwwroot\weice\thinkphp\lang\zh-cn.php
[ info ] [ ROUTE ] array (
  'type' => 'module',
  'module' => 
  array (
    0 => 'index',
    1 => 'login',
    2 => NULL,
  ),
)
[ info ] [ HEADER ] array (
  'content-type' => 'application/x-www-form-urlencoded',
  'content-length' => '55',
  'sec-fetch-dest' => 'empty',
  'sec-fetch-site' => 'cross-site',
  'sec-fetch-user' => '?F',
  'origin' => 'http://127.0.0.1:64959',
  'user-agent' => 'Mozilla/5.0 (iPhone; CPU iPhone OS 9_1 like Mac OS X) AppleWebKit/601.1.46 (KHTML, like Gecko) Version/9.0 Mobile/13B143 Safari/601.1 wechatdevtools/1.02.1907300 MicroMessenger/7.0.4 Language/zh_CN webview/',
  'referer' => 'https://servicewechat.com/wx30cbd5bf82ee6334/devtools/page-frame.html',
  'host' => 'weicess.com',
  'accept-encoding' => 'gzip, deflate',
  'accept' => '*/*',
  'pragma' => 'no-cache',
  'connection' => 'keep-alive',
  'cache-control' => 'no-cache',
)
[ info ] [ PARAM ] array (
  'code' => '023PtimI16wRS00n98jI1wQemI1PtimY',
  'appid' => '',
  'appSecret' => '',
)
[ info ] [ RUN ] app\index\controller\Login->index[ E:\web\hesj84h8\wwwroot\weice\application\index\controller\Login.php ]
[ info ] [ DB ] INIT mysql
[ info ] [ LOG ] INIT File
[ sql ] [ DB ] CONNECT:[ UseTime:0.000000s ] mysql:host=103.126.100.17;dbname=weice;charset=utf8
[ sql ] [ SQL ] SHOW COLUMNS FROM `dy_user` [ RunTime:0.031250s ]
[ sql ] [ SQL ] SELECT * FROM `dy_user` WHERE  `openid` = 'odCXI5XSFVlxO1AJSqtRfbVM8pYA' [ RunTime:0.015625s ]
---------------------------------------------------------------
[ 2019-09-01T12:58:01+08:00 ] 223.104.64.241 POST weicess.com/weice/public/index.php/index/index/show
[运行时间：0.234375s] [吞吐率：4.27req/s] [内存消耗：1,738.45kb] [文件加载：40]
[ info ] [ LANG ] E:\web\hesj84h8\wwwroot\weice\thinkphp\lang\zh-cn.php
[ info ] [ ROUTE ] array (
  'type' => 'module',
  'module' => 
  array (
    0 => 'index',
    1 => 'index',
    2 => 'show',
  ),
)
[ info ] [ HEADER ] array (
  'content-type' => 'application/x-www-form-urlencoded',
  'content-length' => '35',
  'sec-fetch-dest' => 'empty',
  'sec-fetch-site' => 'cross-site',
  'sec-fetch-user' => '?F',
  'origin' => 'http://127.0.0.1:64959',
  'user-agent' => 'Mozilla/5.0 (iPhone; CPU iPhone OS 9_1 like Mac OS X) AppleWebKit/601.1.46 (KHTML, like Gecko) Version/9.0 Mobile/13B143 Safari/601.1 wechatdevtools/1.02.1907300 MicroMessenger/7.0.4 Language/zh_CN webview/',
  'referer' => 'https://servicewechat.com/wx30cbd5bf82ee6334/devtools/page-frame.html',
  'host' => 'weicess.com',
  'accept-encoding' => 'gzip, deflate',
  'accept' => '*/*',
  'pragma' => 'no-cache',
  'connection' => 'keep-alive',
  'cache-control' => 'no-cache',
)
[ info ] [ PARAM ] array (
  'openid' => 'odCXI5XSFVlxO1AJSqtRfbVM8pYA',
)
[ info ] [ RUN ] app\index\controller\Index->show[ E:\web\hesj84h8\wwwroot\weice\application\index\controller\Index.php ]
[ info ] [ DB ] INIT mysql
[ info ] [ LOG ] INIT File
[ sql ] [ DB ] CONNECT:[ UseTime:0.015625s ] mysql:host=103.126.100.17;dbname=weice;charset=utf8
[ sql ] [ SQL ] SHOW COLUMNS FROM `dy_user` [ RunTime:0.000000s ]
[ sql ] [ SQL ] SELECT `f`.`fr_openid` FROM `dy_user` `u` INNER JOIN `dy_friend` `f` ON `u`.`openid`=`f`.`openid` WHERE  `u`.`openid` = 'odCXI5XSFVlxO1AJSqtRfbVM8pYA' [ RunTime:0.015625s ]
[ sql ] [ SQL ] SELECT `r`.`route_dy_id` FROM `dy_user` `u` INNER JOIN `dy_dynamic` `d` ON `u`.`openid`=`d`.`openid` INNER JOIN `dy_route` `r` ON `d`.`idx_dynamic`=`r`.`route_dy_id` WHERE  `u`.`openid` = 'odCXI5XSFVlxO1AJSqtRfbVM8pYA' GROUP BY `r`.`route_dy_id` ORDER BY `r`.`create_time` DESC [ RunTime:0.000000s ]
[ sql ] [ SQL ] SELECT `r`.`route_dy_id` FROM `dy_user` `u` INNER JOIN `dy_dynamic` `d` ON `u`.`openid`=`d`.`openid` INNER JOIN `dy_route` `r` ON `d`.`idx_dynamic`=`r`.`route_dy_id` WHERE  `u`.`openid` = '10' GROUP BY `r`.`route_dy_id` ORDER BY `r`.`create_time` DESC [ RunTime:0.000000s ]
[ sql ] [ SQL ] SELECT `r`.`route_dy_id` FROM `dy_user` `u` INNER JOIN `dy_dynamic` `d` ON `u`.`openid`=`d`.`openid` INNER JOIN `dy_route` `r` ON `d`.`idx_dynamic`=`r`.`route_dy_id` WHERE  `u`.`openid` = '11' GROUP BY `r`.`route_dy_id` ORDER BY `r`.`create_time` DESC [ RunTime:0.000000s ]
[ sql ] [ SQL ] SELECT `r`.`route_dy_id` FROM `dy_user` `u` INNER JOIN `dy_dynamic` `d` ON `u`.`openid`=`d`.`openid` INNER JOIN `dy_route` `r` ON `d`.`idx_dynamic`=`r`.`route_dy_id` WHERE  `u`.`openid` = 'odCXI5crQj3ie9EzDinn7ZJiCkjI' GROUP BY `r`.`route_dy_id` ORDER BY `r`.`create_time` DESC [ RunTime:0.015625s ]
[ sql ] [ SQL ] SELECT `f`.`fr_openid` FROM `dy_user` `u` INNER JOIN `dy_friend` `f` ON `u`.`openid`=`f`.`openid` WHERE  `u`.`openid` = 'odCXI5XSFVlxO1AJSqtRfbVM8pYA' [ RunTime:0.000000s ]
[ sql ] [ SQL ] SELECT `r`.`route_dy_id`,`d`.`describes`,`r`.`create_time` FROM `dy_user` `u` INNER JOIN `dy_dynamic` `d` ON `u`.`openid`=`d`.`openid` INNER JOIN `dy_route` `r` ON `d`.`idx_dynamic`=`r`.`route_dy_id` WHERE  `u`.`openid` = 'odCXI5XSFVlxO1AJSqtRfbVM8pYA' GROUP BY `r`.`route_dy_id` ORDER BY `r`.`create_time` DESC [ RunTime:0.000000s ]
[ sql ] [ SQL ] SELECT `r`.`route_dy_id`,`d`.`describes`,`r`.`create_time` FROM `dy_user` `u` INNER JOIN `dy_dynamic` `d` ON `u`.`openid`=`d`.`openid` INNER JOIN `dy_route` `r` ON `d`.`idx_dynamic`=`r`.`route_dy_id` WHERE  `u`.`openid` = '10' GROUP BY `r`.`route_dy_id` ORDER BY `r`.`create_time` DESC [ RunTime:0.000000s ]
[ sql ] [ SQL ] SELECT `r`.`route_dy_id`,`d`.`describes`,`r`.`create_time` FROM `dy_user` `u` INNER JOIN `dy_dynamic` `d` ON `u`.`openid`=`d`.`openid` INNER JOIN `dy_route` `r` ON `d`.`idx_dynamic`=`r`.`route_dy_id` WHERE  `u`.`openid` = '11' GROUP BY `r`.`route_dy_id` ORDER BY `r`.`create_time` DESC [ RunTime:0.000000s ]
[ sql ] [ SQL ] SELECT `r`.`route_dy_id`,`d`.`describes`,`r`.`create_time` FROM `dy_user` `u` INNER JOIN `dy_dynamic` `d` ON `u`.`openid`=`d`.`openid` INNER JOIN `dy_route` `r` ON `d`.`idx_dynamic`=`r`.`route_dy_id` WHERE  `u`.`openid` = 'odCXI5crQj3ie9EzDinn7ZJiCkjI' GROUP BY `r`.`route_dy_id` ORDER BY `r`.`create_time` DESC [ RunTime:0.015625s ]
[ sql ] [ SQL ] SELECT `f`.`fr_openid` FROM `dy_user` `u` INNER JOIN `dy_friend` `f` ON `u`.`openid`=`f`.`openid` WHERE  `u`.`openid` = 'odCXI5XSFVlxO1AJSqtRfbVM8pYA' [ RunTime:0.000000s ]
[ sql ] [ SQL ] SELECT `r`.`route_dy_id`,`d`.`describes`,`r`.`thumb_route`,`r`.`create_time`,`r`.`idx_dy_route`,`r`.`route` FROM `dy_user` `u` INNER JOIN `dy_dynamic` `d` ON `u`.`openid`=`d`.`openid` INNER JOIN `dy_route` `r` ON `d`.`idx_dynamic`=`r`.`route_dy_id` WHERE  `u`.`openid` = 'odCXI5XSFVlxO1AJSqtRfbVM8pYA' ORDER BY `r`.`create_time` DESC [ RunTime:0.000000s ]
[ sql ] [ SQL ] SELECT `r`.`route_dy_id`,`d`.`describes`,`r`.`thumb_route`,`r`.`create_time`,`r`.`idx_dy_route`,`r`.`route` FROM `dy_user` `u` INNER JOIN `dy_dynamic` `d` ON `u`.`openid`=`d`.`openid` INNER JOIN `dy_route` `r` ON `d`.`idx_dynamic`=`r`.`route_dy_id` WHERE  `u`.`openid` = '10' ORDER BY `r`.`create_time` DESC [ RunTime:0.000000s ]
[ sql ] [ SQL ] SELECT `r`.`route_dy_id`,`d`.`describes`,`r`.`thumb_route`,`r`.`create_time`,`r`.`idx_dy_route`,`r`.`route` FROM `dy_user` `u` INNER JOIN `dy_dynamic` `d` ON `u`.`openid`=`d`.`openid` INNER JOIN `dy_route` `r` ON `d`.`idx_dynamic`=`r`.`route_dy_id` WHERE  `u`.`openid` = '11' ORDER BY `r`.`create_time` DESC [ RunTime:0.015625s ]
[ sql ] [ SQL ] SELECT `r`.`route_dy_id`,`d`.`describes`,`r`.`thumb_route`,`r`.`create_time`,`r`.`idx_dy_route`,`r`.`route` FROM `dy_user` `u` INNER JOIN `dy_dynamic` `d` ON `u`.`openid`=`d`.`openid` INNER JOIN `dy_route` `r` ON `d`.`idx_dynamic`=`r`.`route_dy_id` WHERE  `u`.`openid` = 'odCXI5crQj3ie9EzDinn7ZJiCkjI' ORDER BY `r`.`create_time` DESC [ RunTime:0.000000s ]
[ sql ] [ SQL ] SELECT `f`.`fr_openid` FROM `dy_user` `u` INNER JOIN `dy_friend` `f` ON `u`.`openid`=`f`.`openid` WHERE  `u`.`openid` = 'odCXI5XSFVlxO1AJSqtRfbVM8pYA' [ RunTime:0.000000s ]
[ sql ] [ SQL ] SELECT `u`.`nickname`,`u`.`headimgurl`,`d`.`idx_dynamic` FROM `dy_user` `u` INNER JOIN `dy_dynamic` `d` ON `u`.`openid`=`d`.`openid` WHERE  `u`.`openid` = 'odCXI5XSFVlxO1AJSqtRfbVM8pYA' [ RunTime:0.000000s ]
[ sql ] [ SQL ] SELECT `u`.`nickname`,`u`.`headimgurl`,`d`.`idx_dynamic` FROM `dy_user` `u` INNER JOIN `dy_dynamic` `d` ON `u`.`openid`=`d`.`openid` WHERE  `u`.`openid` = '10' [ RunTime:0.000000s ]
[ sql ] [ SQL ] SELECT `u`.`nickname`,`u`.`headimgurl`,`d`.`idx_dynamic` FROM `dy_user` `u` INNER JOIN `dy_dynamic` `d` ON `u`.`openid`=`d`.`openid` WHERE  `u`.`openid` = '11' [ RunTime:0.000000s ]
[ sql ] [ SQL ] SELECT `u`.`nickname`,`u`.`headimgurl`,`d`.`idx_dynamic` FROM `dy_user` `u` INNER JOIN `dy_dynamic` `d` ON `u`.`openid`=`d`.`openid` WHERE  `u`.`openid` = 'odCXI5crQj3ie9EzDinn7ZJiCkjI' [ RunTime:0.015625s ]
---------------------------------------------------------------
[ 2019-09-01T12:58:42+08:00 ] 223.104.64.241 POST weicess.com/weice/public/index.php/index/albumlst/index
[运行时间：0.078125s] [吞吐率：12.80req/s] [内存消耗：1,259.83kb] [文件加载：37]
[ info ] [ LANG ] E:\web\hesj84h8\wwwroot\weice\thinkphp\lang\zh-cn.php
[ info ] [ ROUTE ] array (
  'type' => 'module',
  'module' => 
  array (
    0 => 'index',
    1 => 'albumlst',
    2 => 'index',
  ),
)
[ info ] [ HEADER ] array (
  'content-type' => 'application/x-www-form-urlencoded',
  'content-length' => '35',
  'sec-fetch-dest' => 'empty',
  'sec-fetch-site' => 'cross-site',
  'sec-fetch-user' => '?F',
  'origin' => 'http://127.0.0.1:64959',
  'user-agent' => 'Mozilla/5.0 (iPhone; CPU iPhone OS 9_1 like Mac OS X) AppleWebKit/601.1.46 (KHTML, like Gecko) Version/9.0 Mobile/13B143 Safari/601.1 wechatdevtools/1.02.1907300 MicroMessenger/7.0.4 Language/zh_CN webview/',
  'referer' => 'https://servicewechat.com/wx30cbd5bf82ee6334/devtools/page-frame.html',
  'host' => 'weicess.com',
  'accept-encoding' => 'gzip, deflate',
  'accept' => '*/*',
  'pragma' => 'no-cache',
  'connection' => 'keep-alive',
  'cache-control' => 'no-cache',
)
[ info ] [ PARAM ] array (
  'openid' => 'odCXI5XSFVlxO1AJSqtRfbVM8pYA',
)
[ info ] [ RUN ] app\index\controller\Albumlst->index[ E:\web\hesj84h8\wwwroot\weice\application\index\controller\Albumlst.php ]
[ info ] [ DB ] INIT mysql
[ info ] [ LOG ] INIT File
[ sql ] [ DB ] CONNECT:[ UseTime:0.015625s ] mysql:host=103.126.100.17;dbname=weice;charset=utf8
[ sql ] [ SQL ] select describes ,tabname ,r.route_dy_id, thumb_route, r.create_time, count(thumb_route) as toutel, is_hot
            from dy_dynamic as d
			inner join dy_route as r on d.idx_dynamic = r.route_dy_id
			left join dy_tabs as t on 	d.idx_tabs = t.idx_tabs
            where d.idx_dynamic = r.route_dy_id
            and d.idx_tabs = t.idx_tabs
            and d.openid = 'odCXI5XSFVlxO1AJSqtRfbVM8pYA'
			GROUP BY route_dy_id [ RunTime:0.000000s ]
---------------------------------------------------------------
[ 2019-09-01T12:58:45+08:00 ] 223.104.64.241 POST weicess.com/weice/public/index.php/index/picturedetails/index
[运行时间：0.203125s] [吞吐率：4.92req/s] [内存消耗：1,682.73kb] [文件加载：40]
[ info ] [ LANG ] E:\web\hesj84h8\wwwroot\weice\thinkphp\lang\zh-cn.php
[ info ] [ ROUTE ] array (
  'type' => 'module',
  'module' => 
  array (
    0 => 'index',
    1 => 'picturedetails',
    2 => 'index',
  ),
)
[ info ] [ HEADER ] array (
  'content-type' => 'application/x-www-form-urlencoded',
  'content-length' => '26',
  'sec-fetch-dest' => 'empty',
  'sec-fetch-site' => 'cross-site',
  'sec-fetch-user' => '?F',
  'origin' => 'http://127.0.0.1:64959',
  'user-agent' => 'Mozilla/5.0 (iPhone; CPU iPhone OS 9_1 like Mac OS X) AppleWebKit/601.1.46 (KHTML, like Gecko) Version/9.0 Mobile/13B143 Safari/601.1 wechatdevtools/1.02.1907300 MicroMessenger/7.0.4 Language/zh_CN webview/',
  'referer' => 'https://servicewechat.com/wx30cbd5bf82ee6334/devtools/page-frame.html',
  'host' => 'weicess.com',
  'accept-encoding' => 'gzip, deflate',
  'accept' => '*/*',
  'pragma' => 'no-cache',
  'connection' => 'keep-alive',
  'cache-control' => 'no-cache',
)
[ info ] [ PARAM ] array (
  'route_dy_id' => '15667996077765',
)
[ info ] [ RUN ] app\index\controller\Picturedetails->index[ E:\web\hesj84h8\wwwroot\weice\application\index\controller\Picturedetails.php ]
[ info ] [ DB ] INIT mysql
[ info ] [ LOG ] INIT File
[ sql ] [ DB ] CONNECT:[ UseTime:0.000000s ] mysql:host=103.126.100.17;dbname=weice;charset=utf8
[ sql ] [ SQL ] SHOW COLUMNS FROM `dy_route` [ RunTime:0.015625s ]
[ sql ] [ SQL ] SELECT `route`,`thumb_route` FROM `dy_route` WHERE  `route_dy_id` = 15667996077765 [ RunTime:0.000000s ]
