---------------------------------------------------------------
[ 2019-09-08T09:53:06+08:00 ] 0.0.0.0 GET localhost/weice/public/home/index
[运行时间：0.158000s] [吞吐率：6.33req/s] [内存消耗：1,159.41kb] [文件加载：32]
[ info ] [ LANG ] C:\xampp\htdocs\weice\thinkphp\lang\zh-cn.php
[ info ] [ ROUTE ] array (
  'type' => 'module',
  'module' => 
  array (
    0 => 'home',
    1 => 'index',
    2 => NULL,
  ),
)
[ info ] [ HEADER ] array (
  'host' => 'localhost',
  'connection' => 'keep-alive',
  'upgrade-insecure-requests' => '1',
  'user-agent' => 'Mozilla/5.0 (Windows NT 6.1; Win64; x64) AppleWebKit/537.36 (KHTML, like Gecko) Chrome/76.0.3809.132 Safari/537.36',
  'sec-fetch-mode' => 'navigate',
  'sec-fetch-user' => '?1',
  'accept' => 'text/html,application/xhtml+xml,application/xml;q=0.9,image/webp,image/apng,*/*;q=0.8,application/signed-exchange;v=b3',
  'sec-fetch-site' => 'none',
  'accept-encoding' => 'gzip, deflate, br',
  'accept-language' => 'zh-CN,zh;q=0.9',
  'cookie' => 'pgv_pvi=5395149824; _ga=GA1.1.755718266.1554783737; Phpstorm-16c8fc58=6d5b542c-55c9-4fd8-9fe8-90302ffee2fb; Phpstorm-961746f9=53e40b80-1e31-4b54-be3c-97d12ebdbef8',
)
[ info ] [ PARAM ] array (
)
[ info ] [ LOG ] INIT File
---------------------------------------------------------------
[ 2019-09-08T10:50:56+08:00 ] 110.64.211.77 POST 110.64.211.77/weice/public/home/qrcode
[运行时间：0.106000s] [吞吐率：9.43req/s] [内存消耗：1,547.55kb] [文件加载：37]
[ info ] [ LANG ] C:\xampp\htdocs\weice\thinkphp\lang\zh-cn.php
[ info ] [ ROUTE ] array (
  'type' => 'module',
  'module' => 
  array (
    0 => 'home',
    1 => 'qrcode',
    2 => NULL,
  ),
)
[ info ] [ HEADER ] array (
  'host' => '110.64.211.77',
  'user-agent' => 'PostmanRuntime/7.16.3',
  'content-length' => '0',
  'accept' => '*/*',
  'accept-encoding' => 'gzip, deflate',
  'cache-control' => 'no-cache',
  'postman-token' => '48de886a-3134-43ee-bfd8-85d9f4e8a378',
)
[ info ] [ PARAM ] array (
)
[ info ] [ RUN ] app\home\controller\qrcode->index[ C:\xampp\htdocs\weice\application\home\controller\Qrcode.php ]
[ info ] [ LOG ] INIT File
[ error ] [0]致命错误: Call to undefined function app\home\controller\httpRequest()[C:\xampp\htdocs\weice\application\home\controller\Qrcode.php:29]
---------------------------------------------------------------
[ 2019-09-08T10:52:00+08:00 ] 110.64.211.77 POST 110.64.211.77/weice/public/home/qrcode
[运行时间：0.045000s] [吞吐率：22.22req/s] [内存消耗：1,547.77kb] [文件加载：37]
[ info ] [ LANG ] C:\xampp\htdocs\weice\thinkphp\lang\zh-cn.php
[ info ] [ ROUTE ] array (
  'type' => 'module',
  'module' => 
  array (
    0 => 'home',
    1 => 'qrcode',
    2 => NULL,
  ),
)
[ info ] [ HEADER ] array (
  'host' => '110.64.211.77',
  'user-agent' => 'PostmanRuntime/7.16.3',
  'content-length' => '0',
  'accept' => '*/*',
  'accept-encoding' => 'gzip, deflate',
  'cache-control' => 'no-cache',
  'cookie' => 'PHPSESSID=hm92bh6um1jr45mmeel26aaccu',
  'postman-token' => '61411c02-21a1-452f-87b4-fe03b75ca574',
)
[ info ] [ PARAM ] array (
)
[ info ] [ RUN ] app\home\controller\qrcode->index[ C:\xampp\htdocs\weice\application\home\controller\Qrcode.php ]
[ info ] [ LOG ] INIT File
[ error ] [0]致命错误: Call to undefined function app\home\controller\httpRequest()[C:\xampp\htdocs\weice\application\home\controller\Qrcode.php:29]
---------------------------------------------------------------
[ 2019-09-08T11:30:22+08:00 ] 0.0.0.0 GET localhost/weice/public/home/qrcode
[运行时间：0.063000s] [吞吐率：15.87req/s] [内存消耗：1,230.38kb] [文件加载：33]
[ info ] [ LANG ] C:\xampp\htdocs\weice\thinkphp\lang\zh-cn.php
[ info ] [ ROUTE ] array (
  'type' => 'module',
  'module' => 
  array (
    0 => 'home',
    1 => 'qrcode',
    2 => NULL,
  ),
)
[ info ] [ HEADER ] array (
  'host' => 'localhost',
  'connection' => 'keep-alive',
  'upgrade-insecure-requests' => '1',
  'user-agent' => 'Mozilla/5.0 (Windows NT 6.1; Win64; x64) AppleWebKit/537.36 (KHTML, like Gecko) Chrome/76.0.3809.132 Safari/537.36',
  'sec-fetch-mode' => 'navigate',
  'sec-fetch-user' => '?1',
  'accept' => 'text/html,application/xhtml+xml,application/xml;q=0.9,image/webp,image/apng,*/*;q=0.8,application/signed-exchange;v=b3',
  'sec-fetch-site' => 'none',
  'accept-encoding' => 'gzip, deflate, br',
  'accept-language' => 'zh-CN,zh;q=0.9',
  'cookie' => 'pgv_pvi=5395149824; _ga=GA1.1.755718266.1554783737; Phpstorm-16c8fc58=6d5b542c-55c9-4fd8-9fe8-90302ffee2fb; Phpstorm-961746f9=53e40b80-1e31-4b54-be3c-97d12ebdbef8; PHPSESSID=ebdr7dqlur9iihqeb6ndormmr8',
)
[ info ] [ PARAM ] array (
)
[ info ] [ LOG ] INIT File
[ error ] [0]致命错误: Call to undefined method app\home\controller\qrcode::getBase64Img()[C:\xampp\htdocs\weice\application\home\controller\Qrcode.php:110]
---------------------------------------------------------------
[ 2019-09-08T11:30:48+08:00 ] 0.0.0.0 GET localhost/weice/public/home/qrcode
[运行时间：0.066000s] [吞吐率：15.15req/s] [内存消耗：1,222.17kb] [文件加载：32]
[ info ] [ LANG ] C:\xampp\htdocs\weice\thinkphp\lang\zh-cn.php
[ info ] [ ROUTE ] array (
  'type' => 'module',
  'module' => 
  array (
    0 => 'home',
    1 => 'qrcode',
    2 => NULL,
  ),
)
[ info ] [ HEADER ] array (
  'host' => 'localhost',
  'connection' => 'keep-alive',
  'cache-control' => 'max-age=0',
  'upgrade-insecure-requests' => '1',
  'user-agent' => 'Mozilla/5.0 (Windows NT 6.1; Win64; x64) AppleWebKit/537.36 (KHTML, like Gecko) Chrome/76.0.3809.132 Safari/537.36',
  'sec-fetch-mode' => 'navigate',
  'sec-fetch-user' => '?1',
  'accept' => 'text/html,application/xhtml+xml,application/xml;q=0.9,image/webp,image/apng,*/*;q=0.8,application/signed-exchange;v=b3',
  'sec-fetch-site' => 'none',
  'accept-encoding' => 'gzip, deflate, br',
  'accept-language' => 'zh-CN,zh;q=0.9',
  'cookie' => 'pgv_pvi=5395149824; _ga=GA1.1.755718266.1554783737; Phpstorm-16c8fc58=6d5b542c-55c9-4fd8-9fe8-90302ffee2fb; Phpstorm-961746f9=53e40b80-1e31-4b54-be3c-97d12ebdbef8; PHPSESSID=ebdr7dqlur9iihqeb6ndormmr8',
)
[ info ] [ PARAM ] array (
)
[ info ] [ LOG ] INIT File
[ error ] [0]方法参数错误:config[C:\xampp\htdocs\weice\thinkphp\library\think\App.php:431]
---------------------------------------------------------------
[ 2019-09-08T11:55:28+08:00 ] 0.0.0.0 GET localhost/weice/public/home/qrcode
[运行时间：0.064000s] [吞吐率：15.63req/s] [内存消耗：1,532.05kb] [文件加载：37]
[ info ] [ LANG ] C:\xampp\htdocs\weice\thinkphp\lang\zh-cn.php
[ info ] [ ROUTE ] array (
  'type' => 'module',
  'module' => 
  array (
    0 => 'home',
    1 => 'qrcode',
    2 => NULL,
  ),
)
[ info ] [ HEADER ] array (
  'host' => 'localhost',
  'connection' => 'keep-alive',
  'cache-control' => 'max-age=0',
  'upgrade-insecure-requests' => '1',
  'user-agent' => 'Mozilla/5.0 (Windows NT 6.1; Win64; x64) AppleWebKit/537.36 (KHTML, like Gecko) Chrome/76.0.3809.132 Safari/537.36',
  'sec-fetch-mode' => 'navigate',
  'sec-fetch-user' => '?1',
  'accept' => 'text/html,application/xhtml+xml,application/xml;q=0.9,image/webp,image/apng,*/*;q=0.8,application/signed-exchange;v=b3',
  'sec-fetch-site' => 'none',
  'accept-encoding' => 'gzip, deflate, br',
  'accept-language' => 'zh-CN,zh;q=0.9',
  'cookie' => 'pgv_pvi=5395149824; _ga=GA1.1.755718266.1554783737; Phpstorm-16c8fc58=6d5b542c-55c9-4fd8-9fe8-90302ffee2fb; Phpstorm-961746f9=53e40b80-1e31-4b54-be3c-97d12ebdbef8; PHPSESSID=ebdr7dqlur9iihqeb6ndormmr8',
)
[ info ] [ PARAM ] array (
)
[ info ] [ LOG ] INIT File
---------------------------------------------------------------
[ 2019-09-08T11:55:39+08:00 ] 0.0.0.0 GET localhost/weice/public/home/qrcode/qrcode
[运行时间：0.061000s] [吞吐率：16.39req/s] [内存消耗：1,536.36kb] [文件加载：37]
[ info ] [ LANG ] C:\xampp\htdocs\weice\thinkphp\lang\zh-cn.php
[ info ] [ ROUTE ] array (
  'type' => 'module',
  'module' => 
  array (
    0 => 'home',
    1 => 'qrcode',
    2 => 'qrcode',
  ),
)
[ info ] [ HEADER ] array (
  'host' => 'localhost',
  'connection' => 'keep-alive',
  'upgrade-insecure-requests' => '1',
  'user-agent' => 'Mozilla/5.0 (Windows NT 6.1; Win64; x64) AppleWebKit/537.36 (KHTML, like Gecko) Chrome/76.0.3809.132 Safari/537.36',
  'sec-fetch-mode' => 'navigate',
  'sec-fetch-user' => '?1',
  'accept' => 'text/html,application/xhtml+xml,application/xml;q=0.9,image/webp,image/apng,*/*;q=0.8,application/signed-exchange;v=b3',
  'sec-fetch-site' => 'none',
  'accept-encoding' => 'gzip, deflate, br',
  'accept-language' => 'zh-CN,zh;q=0.9',
  'cookie' => 'pgv_pvi=5395149824; _ga=GA1.1.755718266.1554783737; Phpstorm-16c8fc58=6d5b542c-55c9-4fd8-9fe8-90302ffee2fb; Phpstorm-961746f9=53e40b80-1e31-4b54-be3c-97d12ebdbef8; PHPSESSID=ebdr7dqlur9iihqeb6ndormmr8',
)
[ info ] [ PARAM ] array (
)
[ info ] [ RUN ] app\home\controller\qrcode->qrcode[ C:\xampp\htdocs\weice\application\home\controller\Qrcode.php ]
[ info ] [ LOG ] INIT File
[ error ] [0]致命错误: Call to undefined function app\home\controller\createQRcode()[C:\xampp\htdocs\weice\application\home\controller\Qrcode.php:67]
---------------------------------------------------------------
[ 2019-09-08T11:56:37+08:00 ] 0.0.0.0 GET localhost/weice/public/home/qrcode/qrcode
[运行时间：0.072000s] [吞吐率：13.89req/s] [内存消耗：1,536.42kb] [文件加载：37]
[ info ] [ LANG ] C:\xampp\htdocs\weice\thinkphp\lang\zh-cn.php
[ info ] [ ROUTE ] array (
  'type' => 'module',
  'module' => 
  array (
    0 => 'home',
    1 => 'qrcode',
    2 => 'qrcode',
  ),
)
[ info ] [ HEADER ] array (
  'host' => 'localhost',
  'connection' => 'keep-alive',
  'cache-control' => 'max-age=0',
  'upgrade-insecure-requests' => '1',
  'user-agent' => 'Mozilla/5.0 (Windows NT 6.1; Win64; x64) AppleWebKit/537.36 (KHTML, like Gecko) Chrome/76.0.3809.132 Safari/537.36',
  'sec-fetch-mode' => 'navigate',
  'sec-fetch-user' => '?1',
  'accept' => 'text/html,application/xhtml+xml,application/xml;q=0.9,image/webp,image/apng,*/*;q=0.8,application/signed-exchange;v=b3',
  'sec-fetch-site' => 'none',
  'accept-encoding' => 'gzip, deflate, br',
  'accept-language' => 'zh-CN,zh;q=0.9',
  'cookie' => 'pgv_pvi=5395149824; _ga=GA1.1.755718266.1554783737; Phpstorm-16c8fc58=6d5b542c-55c9-4fd8-9fe8-90302ffee2fb; Phpstorm-961746f9=53e40b80-1e31-4b54-be3c-97d12ebdbef8; PHPSESSID=ebdr7dqlur9iihqeb6ndormmr8',
)
[ info ] [ PARAM ] array (
)
[ info ] [ RUN ] app\home\controller\qrcode->qrcode[ C:\xampp\htdocs\weice\application\home\controller\Qrcode.php ]
[ info ] [ LOG ] INIT File
[ error ] [0]致命错误: Call to undefined function app\home\controller\createQRcode()[C:\xampp\htdocs\weice\application\home\controller\Qrcode.php:67]
---------------------------------------------------------------
[ 2019-09-08T11:56:40+08:00 ] 0.0.0.0 GET localhost/weice/public/home/qrcode/qrcode
[运行时间：0.076000s] [吞吐率：13.16req/s] [内存消耗：1,536.42kb] [文件加载：37]
[ info ] [ LANG ] C:\xampp\htdocs\weice\thinkphp\lang\zh-cn.php
[ info ] [ ROUTE ] array (
  'type' => 'module',
  'module' => 
  array (
    0 => 'home',
    1 => 'qrcode',
    2 => 'qrcode',
  ),
)
[ info ] [ HEADER ] array (
  'host' => 'localhost',
  'connection' => 'keep-alive',
  'cache-control' => 'max-age=0',
  'upgrade-insecure-requests' => '1',
  'user-agent' => 'Mozilla/5.0 (Windows NT 6.1; Win64; x64) AppleWebKit/537.36 (KHTML, like Gecko) Chrome/76.0.3809.132 Safari/537.36',
  'sec-fetch-mode' => 'navigate',
  'sec-fetch-user' => '?1',
  'accept' => 'text/html,application/xhtml+xml,application/xml;q=0.9,image/webp,image/apng,*/*;q=0.8,application/signed-exchange;v=b3',
  'sec-fetch-site' => 'none',
  'accept-encoding' => 'gzip, deflate, br',
  'accept-language' => 'zh-CN,zh;q=0.9',
  'cookie' => 'pgv_pvi=5395149824; _ga=GA1.1.755718266.1554783737; Phpstorm-16c8fc58=6d5b542c-55c9-4fd8-9fe8-90302ffee2fb; Phpstorm-961746f9=53e40b80-1e31-4b54-be3c-97d12ebdbef8; PHPSESSID=ebdr7dqlur9iihqeb6ndormmr8',
)
[ info ] [ PARAM ] array (
)
[ info ] [ RUN ] app\home\controller\qrcode->qrcode[ C:\xampp\htdocs\weice\application\home\controller\Qrcode.php ]
[ info ] [ LOG ] INIT File
[ error ] [0]致命错误: Call to undefined function app\home\controller\createQRcode()[C:\xampp\htdocs\weice\application\home\controller\Qrcode.php:67]
---------------------------------------------------------------
[ 2019-09-08T11:57:17+08:00 ] 0.0.0.0 GET localhost/weice/public/home/qrcode/qrcode
[运行时间：0.071000s] [吞吐率：14.08req/s] [内存消耗：1,536.67kb] [文件加载：37]
[ info ] [ LANG ] C:\xampp\htdocs\weice\thinkphp\lang\zh-cn.php
[ info ] [ ROUTE ] array (
  'type' => 'module',
  'module' => 
  array (
    0 => 'home',
    1 => 'qrcode',
    2 => 'qrcode',
  ),
)
[ info ] [ HEADER ] array (
  'host' => 'localhost',
  'connection' => 'keep-alive',
  'cache-control' => 'max-age=0',
  'upgrade-insecure-requests' => '1',
  'user-agent' => 'Mozilla/5.0 (Windows NT 6.1; Win64; x64) AppleWebKit/537.36 (KHTML, like Gecko) Chrome/76.0.3809.132 Safari/537.36',
  'sec-fetch-mode' => 'navigate',
  'sec-fetch-user' => '?1',
  'accept' => 'text/html,application/xhtml+xml,application/xml;q=0.9,image/webp,image/apng,*/*;q=0.8,application/signed-exchange;v=b3',
  'sec-fetch-site' => 'none',
  'accept-encoding' => 'gzip, deflate, br',
  'accept-language' => 'zh-CN,zh;q=0.9',
  'cookie' => 'pgv_pvi=5395149824; _ga=GA1.1.755718266.1554783737; Phpstorm-16c8fc58=6d5b542c-55c9-4fd8-9fe8-90302ffee2fb; Phpstorm-961746f9=53e40b80-1e31-4b54-be3c-97d12ebdbef8; PHPSESSID=ebdr7dqlur9iihqeb6ndormmr8',
)
[ info ] [ PARAM ] array (
)
[ info ] [ RUN ] app\home\controller\qrcode->qrcode[ C:\xampp\htdocs\weice\application\home\controller\Qrcode.php ]
[ info ] [ LOG ] INIT File
[ error ] [0]致命错误: Call to undefined function app\home\controller\createQRcode()[C:\xampp\htdocs\weice\application\home\controller\Qrcode.php:67]
---------------------------------------------------------------
[ 2019-09-08T11:57:20+08:00 ] 0.0.0.0 GET localhost/weice/public/home/qrcode/qrcode
[运行时间：0.087000s] [吞吐率：11.49req/s] [内存消耗：1,536.67kb] [文件加载：37]
[ info ] [ LANG ] C:\xampp\htdocs\weice\thinkphp\lang\zh-cn.php
[ info ] [ ROUTE ] array (
  'type' => 'module',
  'module' => 
  array (
    0 => 'home',
    1 => 'qrcode',
    2 => 'qrcode',
  ),
)
[ info ] [ HEADER ] array (
  'host' => 'localhost',
  'connection' => 'keep-alive',
  'cache-control' => 'max-age=0',
  'upgrade-insecure-requests' => '1',
  'user-agent' => 'Mozilla/5.0 (Windows NT 6.1; Win64; x64) AppleWebKit/537.36 (KHTML, like Gecko) Chrome/76.0.3809.132 Safari/537.36',
  'sec-fetch-mode' => 'navigate',
  'sec-fetch-user' => '?1',
  'accept' => 'text/html,application/xhtml+xml,application/xml;q=0.9,image/webp,image/apng,*/*;q=0.8,application/signed-exchange;v=b3',
  'sec-fetch-site' => 'none',
  'accept-encoding' => 'gzip, deflate, br',
  'accept-language' => 'zh-CN,zh;q=0.9',
  'cookie' => 'pgv_pvi=5395149824; _ga=GA1.1.755718266.1554783737; Phpstorm-16c8fc58=6d5b542c-55c9-4fd8-9fe8-90302ffee2fb; Phpstorm-961746f9=53e40b80-1e31-4b54-be3c-97d12ebdbef8; PHPSESSID=ebdr7dqlur9iihqeb6ndormmr8',
)
[ info ] [ PARAM ] array (
)
[ info ] [ RUN ] app\home\controller\qrcode->qrcode[ C:\xampp\htdocs\weice\application\home\controller\Qrcode.php ]
[ info ] [ LOG ] INIT File
[ error ] [0]致命错误: Call to undefined function app\home\controller\createQRcode()[C:\xampp\htdocs\weice\application\home\controller\Qrcode.php:67]
---------------------------------------------------------------
[ 2019-09-08T12:08:42+08:00 ] 0.0.0.0 GET localhost/weice/public/home/qrcode/qrcode
[运行时间：0.057000s] [吞吐率：17.54req/s] [内存消耗：1,526.72kb] [文件加载：37]
[ info ] [ LANG ] C:\xampp\htdocs\weice\thinkphp\lang\zh-cn.php
[ info ] [ ROUTE ] array (
  'type' => 'module',
  'module' => 
  array (
    0 => 'home',
    1 => 'qrcode',
    2 => 'qrcode',
  ),
)
[ info ] [ HEADER ] array (
  'host' => 'localhost',
  'connection' => 'keep-alive',
  'cache-control' => 'max-age=0',
  'upgrade-insecure-requests' => '1',
  'user-agent' => 'Mozilla/5.0 (Windows NT 6.1; Win64; x64) AppleWebKit/537.36 (KHTML, like Gecko) Chrome/76.0.3809.132 Safari/537.36',
  'sec-fetch-mode' => 'navigate',
  'sec-fetch-user' => '?1',
  'accept' => 'text/html,application/xhtml+xml,application/xml;q=0.9,image/webp,image/apng,*/*;q=0.8,application/signed-exchange;v=b3',
  'sec-fetch-site' => 'none',
  'accept-encoding' => 'gzip, deflate, br',
  'accept-language' => 'zh-CN,zh;q=0.9',
  'cookie' => 'pgv_pvi=5395149824; _ga=GA1.1.755718266.1554783737; Phpstorm-16c8fc58=6d5b542c-55c9-4fd8-9fe8-90302ffee2fb; Phpstorm-961746f9=53e40b80-1e31-4b54-be3c-97d12ebdbef8; PHPSESSID=ebdr7dqlur9iihqeb6ndormmr8',
)
[ info ] [ PARAM ] array (
)
[ info ] [ LOG ] INIT File
---------------------------------------------------------------
[ 2019-09-08T12:08:54+08:00 ] 0.0.0.0 GET localhost/weice/public/home/qrcode/scerweima
[运行时间：0.069000s] [吞吐率：14.49req/s] [内存消耗：2,092.42kb] [文件加载：38]
[ info ] [ LANG ] C:\xampp\htdocs\weice\thinkphp\lang\zh-cn.php
[ info ] [ ROUTE ] array (
  'type' => 'module',
  'module' => 
  array (
    0 => 'home',
    1 => 'qrcode',
    2 => 'scerweima',
  ),
)
[ info ] [ HEADER ] array (
  'host' => 'localhost',
  'connection' => 'keep-alive',
  'upgrade-insecure-requests' => '1',
  'user-agent' => 'Mozilla/5.0 (Windows NT 6.1; Win64; x64) AppleWebKit/537.36 (KHTML, like Gecko) Chrome/76.0.3809.132 Safari/537.36',
  'sec-fetch-mode' => 'navigate',
  'accept' => 'text/html,application/xhtml+xml,application/xml;q=0.9,image/webp,image/apng,*/*;q=0.8,application/signed-exchange;v=b3',
  'sec-fetch-site' => 'none',
  'accept-encoding' => 'gzip, deflate, br',
  'accept-language' => 'zh-CN,zh;q=0.9',
  'cookie' => 'pgv_pvi=5395149824; _ga=GA1.1.755718266.1554783737; Phpstorm-16c8fc58=6d5b542c-55c9-4fd8-9fe8-90302ffee2fb; Phpstorm-961746f9=53e40b80-1e31-4b54-be3c-97d12ebdbef8; PHPSESSID=ebdr7dqlur9iihqeb6ndormmr8',
)
[ info ] [ PARAM ] array (
)
[ info ] [ RUN ] app\home\controller\qrcode->scerweima[ C:\xampp\htdocs\weice\application\home\controller\Qrcode.php ]
[ info ] [ LOG ] INIT File
[ error ] [0]致命错误: Call to undefined method app\home\controller\qrcode::png()[C:\xampp\htdocs\weice\application\home\controller\Qrcode.php:18]
---------------------------------------------------------------
[ 2019-09-08T12:09:44+08:00 ] 0.0.0.0 GET localhost/weice/public/home/qrcode/scerweima
[运行时间：0.075000s] [吞吐率：13.33req/s] [内存消耗：2,094.37kb] [文件加载：38]
[ info ] [ LANG ] C:\xampp\htdocs\weice\thinkphp\lang\zh-cn.php
[ info ] [ ROUTE ] array (
  'type' => 'module',
  'module' => 
  array (
    0 => 'home',
    1 => 'qrcode',
    2 => 'scerweima',
  ),
)
[ info ] [ HEADER ] array (
  'host' => 'localhost',
  'connection' => 'keep-alive',
  'cache-control' => 'max-age=0',
  'upgrade-insecure-requests' => '1',
  'user-agent' => 'Mozilla/5.0 (Windows NT 6.1; Win64; x64) AppleWebKit/537.36 (KHTML, like Gecko) Chrome/76.0.3809.132 Safari/537.36',
  'sec-fetch-mode' => 'navigate',
  'sec-fetch-user' => '?1',
  'accept' => 'text/html,application/xhtml+xml,application/xml;q=0.9,image/webp,image/apng,*/*;q=0.8,application/signed-exchange;v=b3',
  'sec-fetch-site' => 'none',
  'accept-encoding' => 'gzip, deflate, br',
  'accept-language' => 'zh-CN,zh;q=0.9',
  'cookie' => 'pgv_pvi=5395149824; _ga=GA1.1.755718266.1554783737; Phpstorm-16c8fc58=6d5b542c-55c9-4fd8-9fe8-90302ffee2fb; Phpstorm-961746f9=53e40b80-1e31-4b54-be3c-97d12ebdbef8; PHPSESSID=ebdr7dqlur9iihqeb6ndormmr8',
)
[ info ] [ PARAM ] array (
)
[ info ] [ RUN ] app\home\controller\qrcode->scerweima[ C:\xampp\htdocs\weice\application\home\controller\Qrcode.php ]
[ info ] [ LOG ] INIT File
[ error ] [0]致命错误: Class 'app\home\controller\QRencode' not found[C:\xampp\htdocs\weice\application\home\controller\Qrcode.php:12]
---------------------------------------------------------------
[ 2019-09-08T15:18:15+08:00 ] 0.0.0.0 GET localhost/weice/public/home/qrcode/scerweima
[运行时间：0.061000s] [吞吐率：16.39req/s] [内存消耗：2,092.54kb] [文件加载：38]
[ info ] [ LANG ] C:\xampp\htdocs\weice\thinkphp\lang\zh-cn.php
[ info ] [ ROUTE ] array (
  'type' => 'module',
  'module' => 
  array (
    0 => 'home',
    1 => 'qrcode',
    2 => 'scerweima',
  ),
)
[ info ] [ HEADER ] array (
  'host' => 'localhost',
  'connection' => 'keep-alive',
  'cache-control' => 'max-age=0',
  'upgrade-insecure-requests' => '1',
  'user-agent' => 'Mozilla/5.0 (Windows NT 6.1; Win64; x64) AppleWebKit/537.36 (KHTML, like Gecko) Chrome/76.0.3809.132 Safari/537.36',
  'sec-fetch-mode' => 'navigate',
  'sec-fetch-user' => '?1',
  'accept' => 'text/html,application/xhtml+xml,application/xml;q=0.9,image/webp,image/apng,*/*;q=0.8,application/signed-exchange;v=b3',
  'sec-fetch-site' => 'none',
  'accept-encoding' => 'gzip, deflate, br',
  'accept-language' => 'zh-CN,zh;q=0.9',
  'cookie' => 'pgv_pvi=5395149824; _ga=GA1.1.755718266.1554783737; Phpstorm-16c8fc58=6d5b542c-55c9-4fd8-9fe8-90302ffee2fb; Phpstorm-961746f9=53e40b80-1e31-4b54-be3c-97d12ebdbef8; PHPSESSID=ebdr7dqlur9iihqeb6ndormmr8',
)
[ info ] [ PARAM ] array (
)
[ info ] [ RUN ] app\home\controller\qrcode->scerweima[ C:\xampp\htdocs\weice\application\home\controller\Qrcode.php ]
[ info ] [ LOG ] INIT File
[ error ] [0]致命错误: Call to undefined method app\home\controller\qrcode::png()[C:\xampp\htdocs\weice\application\home\controller\Qrcode.php:18]
---------------------------------------------------------------
[ 2019-09-08T15:19:46+08:00 ] 0.0.0.0 GET localhost/weice/public/home/qrcode/scerweima
[运行时间：0.063000s] [吞吐率：15.87req/s] [内存消耗：2,092.54kb] [文件加载：38]
[ info ] [ LANG ] C:\xampp\htdocs\weice\thinkphp\lang\zh-cn.php
[ info ] [ ROUTE ] array (
  'type' => 'module',
  'module' => 
  array (
    0 => 'home',
    1 => 'qrcode',
    2 => 'scerweima',
  ),
)
[ info ] [ HEADER ] array (
  'host' => 'localhost',
  'connection' => 'keep-alive',
  'cache-control' => 'max-age=0',
  'upgrade-insecure-requests' => '1',
  'user-agent' => 'Mozilla/5.0 (Windows NT 6.1; Win64; x64) AppleWebKit/537.36 (KHTML, like Gecko) Chrome/76.0.3809.132 Safari/537.36',
  'sec-fetch-mode' => 'navigate',
  'sec-fetch-user' => '?1',
  'accept' => 'text/html,application/xhtml+xml,application/xml;q=0.9,image/webp,image/apng,*/*;q=0.8,application/signed-exchange;v=b3',
  'sec-fetch-site' => 'none',
  'accept-encoding' => 'gzip, deflate, br',
  'accept-language' => 'zh-CN,zh;q=0.9',
  'cookie' => 'pgv_pvi=5395149824; _ga=GA1.1.755718266.1554783737; Phpstorm-16c8fc58=6d5b542c-55c9-4fd8-9fe8-90302ffee2fb; Phpstorm-961746f9=53e40b80-1e31-4b54-be3c-97d12ebdbef8; PHPSESSID=ebdr7dqlur9iihqeb6ndormmr8',
)
[ info ] [ PARAM ] array (
)
[ info ] [ RUN ] app\home\controller\qrcode->scerweima[ C:\xampp\htdocs\weice\application\home\controller\Qrcode.php ]
[ info ] [ LOG ] INIT File
[ error ] [0]致命错误: Call to undefined method app\home\controller\qrcode::png()[C:\xampp\htdocs\weice\application\home\controller\Qrcode.php:19]
---------------------------------------------------------------
[ 2019-09-08T15:19:46+08:00 ] 0.0.0.0 GET localhost/weice/public/home/qrcode/scerweima
[运行时间：0.054000s] [吞吐率：18.52req/s] [内存消耗：2,092.54kb] [文件加载：38]
[ info ] [ LANG ] C:\xampp\htdocs\weice\thinkphp\lang\zh-cn.php
[ info ] [ ROUTE ] array (
  'type' => 'module',
  'module' => 
  array (
    0 => 'home',
    1 => 'qrcode',
    2 => 'scerweima',
  ),
)
[ info ] [ HEADER ] array (
  'host' => 'localhost',
  'connection' => 'keep-alive',
  'cache-control' => 'max-age=0',
  'upgrade-insecure-requests' => '1',
  'user-agent' => 'Mozilla/5.0 (Windows NT 6.1; Win64; x64) AppleWebKit/537.36 (KHTML, like Gecko) Chrome/76.0.3809.132 Safari/537.36',
  'sec-fetch-mode' => 'navigate',
  'sec-fetch-user' => '?1',
  'accept' => 'text/html,application/xhtml+xml,application/xml;q=0.9,image/webp,image/apng,*/*;q=0.8,application/signed-exchange;v=b3',
  'sec-fetch-site' => 'none',
  'accept-encoding' => 'gzip, deflate, br',
  'accept-language' => 'zh-CN,zh;q=0.9',
  'cookie' => 'pgv_pvi=5395149824; _ga=GA1.1.755718266.1554783737; Phpstorm-16c8fc58=6d5b542c-55c9-4fd8-9fe8-90302ffee2fb; Phpstorm-961746f9=53e40b80-1e31-4b54-be3c-97d12ebdbef8; PHPSESSID=ebdr7dqlur9iihqeb6ndormmr8',
)
[ info ] [ PARAM ] array (
)
[ info ] [ RUN ] app\home\controller\qrcode->scerweima[ C:\xampp\htdocs\weice\application\home\controller\Qrcode.php ]
[ info ] [ LOG ] INIT File
[ error ] [0]致命错误: Call to undefined method app\home\controller\qrcode::png()[C:\xampp\htdocs\weice\application\home\controller\Qrcode.php:19]
---------------------------------------------------------------
[ 2019-09-08T15:19:47+08:00 ] 0.0.0.0 GET localhost/weice/public/home/qrcode/scerweima
[运行时间：0.075000s] [吞吐率：13.33req/s] [内存消耗：2,092.54kb] [文件加载：38]
[ info ] [ LANG ] C:\xampp\htdocs\weice\thinkphp\lang\zh-cn.php
[ info ] [ ROUTE ] array (
  'type' => 'module',
  'module' => 
  array (
    0 => 'home',
    1 => 'qrcode',
    2 => 'scerweima',
  ),
)
[ info ] [ HEADER ] array (
  'host' => 'localhost',
  'connection' => 'keep-alive',
  'cache-control' => 'max-age=0',
  'upgrade-insecure-requests' => '1',
  'user-agent' => 'Mozilla/5.0 (Windows NT 6.1; Win64; x64) AppleWebKit/537.36 (KHTML, like Gecko) Chrome/76.0.3809.132 Safari/537.36',
  'sec-fetch-mode' => 'navigate',
  'sec-fetch-user' => '?1',
  'accept' => 'text/html,application/xhtml+xml,application/xml;q=0.9,image/webp,image/apng,*/*;q=0.8,application/signed-exchange;v=b3',
  'sec-fetch-site' => 'none',
  'accept-encoding' => 'gzip, deflate, br',
  'accept-language' => 'zh-CN,zh;q=0.9',
  'cookie' => 'pgv_pvi=5395149824; _ga=GA1.1.755718266.1554783737; Phpstorm-16c8fc58=6d5b542c-55c9-4fd8-9fe8-90302ffee2fb; Phpstorm-961746f9=53e40b80-1e31-4b54-be3c-97d12ebdbef8; PHPSESSID=ebdr7dqlur9iihqeb6ndormmr8',
)
[ info ] [ PARAM ] array (
)
[ info ] [ RUN ] app\home\controller\qrcode->scerweima[ C:\xampp\htdocs\weice\application\home\controller\Qrcode.php ]
[ info ] [ LOG ] INIT File
[ error ] [0]致命错误: Call to undefined method app\home\controller\qrcode::png()[C:\xampp\htdocs\weice\application\home\controller\Qrcode.php:19]
---------------------------------------------------------------
[ 2019-09-08T15:19:47+08:00 ] 0.0.0.0 GET localhost/weice/public/home/qrcode/scerweima
[运行时间：0.052000s] [吞吐率：19.23req/s] [内存消耗：2,092.54kb] [文件加载：38]
[ info ] [ LANG ] C:\xampp\htdocs\weice\thinkphp\lang\zh-cn.php
[ info ] [ ROUTE ] array (
  'type' => 'module',
  'module' => 
  array (
    0 => 'home',
    1 => 'qrcode',
    2 => 'scerweima',
  ),
)
[ info ] [ HEADER ] array (
  'host' => 'localhost',
  'connection' => 'keep-alive',
  'cache-control' => 'max-age=0',
  'upgrade-insecure-requests' => '1',
  'user-agent' => 'Mozilla/5.0 (Windows NT 6.1; Win64; x64) AppleWebKit/537.36 (KHTML, like Gecko) Chrome/76.0.3809.132 Safari/537.36',
  'sec-fetch-mode' => 'navigate',
  'sec-fetch-user' => '?1',
  'accept' => 'text/html,application/xhtml+xml,application/xml;q=0.9,image/webp,image/apng,*/*;q=0.8,application/signed-exchange;v=b3',
  'sec-fetch-site' => 'none',
  'accept-encoding' => 'gzip, deflate, br',
  'accept-language' => 'zh-CN,zh;q=0.9',
  'cookie' => 'pgv_pvi=5395149824; _ga=GA1.1.755718266.1554783737; Phpstorm-16c8fc58=6d5b542c-55c9-4fd8-9fe8-90302ffee2fb; Phpstorm-961746f9=53e40b80-1e31-4b54-be3c-97d12ebdbef8; PHPSESSID=ebdr7dqlur9iihqeb6ndormmr8',
)
[ info ] [ PARAM ] array (
)
[ info ] [ RUN ] app\home\controller\qrcode->scerweima[ C:\xampp\htdocs\weice\application\home\controller\Qrcode.php ]
[ info ] [ LOG ] INIT File
[ error ] [0]致命错误: Call to undefined method app\home\controller\qrcode::png()[C:\xampp\htdocs\weice\application\home\controller\Qrcode.php:19]
---------------------------------------------------------------
[ 2019-09-08T15:19:47+08:00 ] 0.0.0.0 GET localhost/weice/public/home/qrcode/scerweima
[运行时间：0.061000s] [吞吐率：16.39req/s] [内存消耗：2,092.54kb] [文件加载：38]
[ info ] [ LANG ] C:\xampp\htdocs\weice\thinkphp\lang\zh-cn.php
[ info ] [ ROUTE ] array (
  'type' => 'module',
  'module' => 
  array (
    0 => 'home',
    1 => 'qrcode',
    2 => 'scerweima',
  ),
)
[ info ] [ HEADER ] array (
  'host' => 'localhost',
  'connection' => 'keep-alive',
  'cache-control' => 'max-age=0',
  'upgrade-insecure-requests' => '1',
  'user-agent' => 'Mozilla/5.0 (Windows NT 6.1; Win64; x64) AppleWebKit/537.36 (KHTML, like Gecko) Chrome/76.0.3809.132 Safari/537.36',
  'sec-fetch-mode' => 'navigate',
  'sec-fetch-user' => '?1',
  'accept' => 'text/html,application/xhtml+xml,application/xml;q=0.9,image/webp,image/apng,*/*;q=0.8,application/signed-exchange;v=b3',
  'sec-fetch-site' => 'none',
  'accept-encoding' => 'gzip, deflate, br',
  'accept-language' => 'zh-CN,zh;q=0.9',
  'cookie' => 'pgv_pvi=5395149824; _ga=GA1.1.755718266.1554783737; Phpstorm-16c8fc58=6d5b542c-55c9-4fd8-9fe8-90302ffee2fb; Phpstorm-961746f9=53e40b80-1e31-4b54-be3c-97d12ebdbef8; PHPSESSID=ebdr7dqlur9iihqeb6ndormmr8',
)
[ info ] [ PARAM ] array (
)
[ info ] [ RUN ] app\home\controller\qrcode->scerweima[ C:\xampp\htdocs\weice\application\home\controller\Qrcode.php ]
[ info ] [ LOG ] INIT File
[ error ] [0]致命错误: Call to undefined method app\home\controller\qrcode::png()[C:\xampp\htdocs\weice\application\home\controller\Qrcode.php:19]
---------------------------------------------------------------
[ 2019-09-08T15:19:48+08:00 ] 0.0.0.0 GET localhost/weice/public/home/qrcode/scerweima
[运行时间：0.075000s] [吞吐率：13.33req/s] [内存消耗：2,092.54kb] [文件加载：38]
[ info ] [ LANG ] C:\xampp\htdocs\weice\thinkphp\lang\zh-cn.php
[ info ] [ ROUTE ] array (
  'type' => 'module',
  'module' => 
  array (
    0 => 'home',
    1 => 'qrcode',
    2 => 'scerweima',
  ),
)
[ info ] [ HEADER ] array (
  'host' => 'localhost',
  'connection' => 'keep-alive',
  'cache-control' => 'max-age=0',
  'upgrade-insecure-requests' => '1',
  'user-agent' => 'Mozilla/5.0 (Windows NT 6.1; Win64; x64) AppleWebKit/537.36 (KHTML, like Gecko) Chrome/76.0.3809.132 Safari/537.36',
  'sec-fetch-mode' => 'navigate',
  'sec-fetch-user' => '?1',
  'accept' => 'text/html,application/xhtml+xml,application/xml;q=0.9,image/webp,image/apng,*/*;q=0.8,application/signed-exchange;v=b3',
  'sec-fetch-site' => 'none',
  'accept-encoding' => 'gzip, deflate, br',
  'accept-language' => 'zh-CN,zh;q=0.9',
  'cookie' => 'pgv_pvi=5395149824; _ga=GA1.1.755718266.1554783737; Phpstorm-16c8fc58=6d5b542c-55c9-4fd8-9fe8-90302ffee2fb; Phpstorm-961746f9=53e40b80-1e31-4b54-be3c-97d12ebdbef8; PHPSESSID=ebdr7dqlur9iihqeb6ndormmr8',
)
[ info ] [ PARAM ] array (
)
[ info ] [ RUN ] app\home\controller\qrcode->scerweima[ C:\xampp\htdocs\weice\application\home\controller\Qrcode.php ]
[ info ] [ LOG ] INIT File
[ error ] [0]致命错误: Call to undefined method app\home\controller\qrcode::png()[C:\xampp\htdocs\weice\application\home\controller\Qrcode.php:19]
---------------------------------------------------------------
[ 2019-09-08T15:19:48+08:00 ] 0.0.0.0 GET localhost/weice/public/home/qrcode/scerweima
[运行时间：0.066000s] [吞吐率：15.15req/s] [内存消耗：2,092.54kb] [文件加载：38]
[ info ] [ LANG ] C:\xampp\htdocs\weice\thinkphp\lang\zh-cn.php
[ info ] [ ROUTE ] array (
  'type' => 'module',
  'module' => 
  array (
    0 => 'home',
    1 => 'qrcode',
    2 => 'scerweima',
  ),
)
[ info ] [ HEADER ] array (
  'host' => 'localhost',
  'connection' => 'keep-alive',
  'cache-control' => 'max-age=0',
  'upgrade-insecure-requests' => '1',
  'user-agent' => 'Mozilla/5.0 (Windows NT 6.1; Win64; x64) AppleWebKit/537.36 (KHTML, like Gecko) Chrome/76.0.3809.132 Safari/537.36',
  'sec-fetch-mode' => 'navigate',
  'sec-fetch-user' => '?1',
  'accept' => 'text/html,application/xhtml+xml,application/xml;q=0.9,image/webp,image/apng,*/*;q=0.8,application/signed-exchange;v=b3',
  'sec-fetch-site' => 'none',
  'accept-encoding' => 'gzip, deflate, br',
  'accept-language' => 'zh-CN,zh;q=0.9',
  'cookie' => 'pgv_pvi=5395149824; _ga=GA1.1.755718266.1554783737; Phpstorm-16c8fc58=6d5b542c-55c9-4fd8-9fe8-90302ffee2fb; Phpstorm-961746f9=53e40b80-1e31-4b54-be3c-97d12ebdbef8; PHPSESSID=ebdr7dqlur9iihqeb6ndormmr8',
)
[ info ] [ PARAM ] array (
)
[ info ] [ RUN ] app\home\controller\qrcode->scerweima[ C:\xampp\htdocs\weice\application\home\controller\Qrcode.php ]
[ info ] [ LOG ] INIT File
[ error ] [0]致命错误: Call to undefined method app\home\controller\qrcode::png()[C:\xampp\htdocs\weice\application\home\controller\Qrcode.php:19]
---------------------------------------------------------------
[ 2019-09-08T15:19:48+08:00 ] 0.0.0.0 GET localhost/weice/public/home/qrcode/scerweima
[运行时间：0.060000s] [吞吐率：16.67req/s] [内存消耗：2,092.54kb] [文件加载：38]
[ info ] [ LANG ] C:\xampp\htdocs\weice\thinkphp\lang\zh-cn.php
[ info ] [ ROUTE ] array (
  'type' => 'module',
  'module' => 
  array (
    0 => 'home',
    1 => 'qrcode',
    2 => 'scerweima',
  ),
)
[ info ] [ HEADER ] array (
  'host' => 'localhost',
  'connection' => 'keep-alive',
  'cache-control' => 'max-age=0',
  'upgrade-insecure-requests' => '1',
  'user-agent' => 'Mozilla/5.0 (Windows NT 6.1; Win64; x64) AppleWebKit/537.36 (KHTML, like Gecko) Chrome/76.0.3809.132 Safari/537.36',
  'sec-fetch-mode' => 'navigate',
  'sec-fetch-user' => '?1',
  'accept' => 'text/html,application/xhtml+xml,application/xml;q=0.9,image/webp,image/apng,*/*;q=0.8,application/signed-exchange;v=b3',
  'sec-fetch-site' => 'none',
  'accept-encoding' => 'gzip, deflate, br',
  'accept-language' => 'zh-CN,zh;q=0.9',
  'cookie' => 'pgv_pvi=5395149824; _ga=GA1.1.755718266.1554783737; Phpstorm-16c8fc58=6d5b542c-55c9-4fd8-9fe8-90302ffee2fb; Phpstorm-961746f9=53e40b80-1e31-4b54-be3c-97d12ebdbef8; PHPSESSID=ebdr7dqlur9iihqeb6ndormmr8',
)
[ info ] [ PARAM ] array (
)
[ info ] [ RUN ] app\home\controller\qrcode->scerweima[ C:\xampp\htdocs\weice\application\home\controller\Qrcode.php ]
[ info ] [ LOG ] INIT File
[ error ] [0]致命错误: Call to undefined method app\home\controller\qrcode::png()[C:\xampp\htdocs\weice\application\home\controller\Qrcode.php:19]
---------------------------------------------------------------
[ 2019-09-08T15:19:48+08:00 ] 0.0.0.0 GET localhost/weice/public/home/qrcode/scerweima
[运行时间：0.054000s] [吞吐率：18.52req/s] [内存消耗：2,092.54kb] [文件加载：38]
[ info ] [ LANG ] C:\xampp\htdocs\weice\thinkphp\lang\zh-cn.php
[ info ] [ ROUTE ] array (
  'type' => 'module',
  'module' => 
  array (
    0 => 'home',
    1 => 'qrcode',
    2 => 'scerweima',
  ),
)
[ info ] [ HEADER ] array (
  'host' => 'localhost',
  'connection' => 'keep-alive',
  'cache-control' => 'max-age=0',
  'upgrade-insecure-requests' => '1',
  'user-agent' => 'Mozilla/5.0 (Windows NT 6.1; Win64; x64) AppleWebKit/537.36 (KHTML, like Gecko) Chrome/76.0.3809.132 Safari/537.36',
  'sec-fetch-mode' => 'navigate',
  'sec-fetch-user' => '?1',
  'accept' => 'text/html,application/xhtml+xml,application/xml;q=0.9,image/webp,image/apng,*/*;q=0.8,application/signed-exchange;v=b3',
  'sec-fetch-site' => 'none',
  'accept-encoding' => 'gzip, deflate, br',
  'accept-language' => 'zh-CN,zh;q=0.9',
  'cookie' => 'pgv_pvi=5395149824; _ga=GA1.1.755718266.1554783737; Phpstorm-16c8fc58=6d5b542c-55c9-4fd8-9fe8-90302ffee2fb; Phpstorm-961746f9=53e40b80-1e31-4b54-be3c-97d12ebdbef8; PHPSESSID=ebdr7dqlur9iihqeb6ndormmr8',
)
[ info ] [ PARAM ] array (
)
[ info ] [ RUN ] app\home\controller\qrcode->scerweima[ C:\xampp\htdocs\weice\application\home\controller\Qrcode.php ]
[ info ] [ LOG ] INIT File
[ error ] [0]致命错误: Call to undefined method app\home\controller\qrcode::png()[C:\xampp\htdocs\weice\application\home\controller\Qrcode.php:19]
---------------------------------------------------------------
[ 2019-09-08T15:19:49+08:00 ] 0.0.0.0 GET localhost/weice/public/home/qrcode/scerweima
[运行时间：0.053000s] [吞吐率：18.87req/s] [内存消耗：2,092.54kb] [文件加载：38]
[ info ] [ LANG ] C:\xampp\htdocs\weice\thinkphp\lang\zh-cn.php
[ info ] [ ROUTE ] array (
  'type' => 'module',
  'module' => 
  array (
    0 => 'home',
    1 => 'qrcode',
    2 => 'scerweima',
  ),
)
[ info ] [ HEADER ] array (
  'host' => 'localhost',
  'connection' => 'keep-alive',
  'cache-control' => 'max-age=0',
  'upgrade-insecure-requests' => '1',
  'user-agent' => 'Mozilla/5.0 (Windows NT 6.1; Win64; x64) AppleWebKit/537.36 (KHTML, like Gecko) Chrome/76.0.3809.132 Safari/537.36',
  'sec-fetch-mode' => 'navigate',
  'sec-fetch-user' => '?1',
  'accept' => 'text/html,application/xhtml+xml,application/xml;q=0.9,image/webp,image/apng,*/*;q=0.8,application/signed-exchange;v=b3',
  'sec-fetch-site' => 'none',
  'accept-encoding' => 'gzip, deflate, br',
  'accept-language' => 'zh-CN,zh;q=0.9',
  'cookie' => 'pgv_pvi=5395149824; _ga=GA1.1.755718266.1554783737; Phpstorm-16c8fc58=6d5b542c-55c9-4fd8-9fe8-90302ffee2fb; Phpstorm-961746f9=53e40b80-1e31-4b54-be3c-97d12ebdbef8; PHPSESSID=ebdr7dqlur9iihqeb6ndormmr8',
)
[ info ] [ PARAM ] array (
)
[ info ] [ RUN ] app\home\controller\qrcode->scerweima[ C:\xampp\htdocs\weice\application\home\controller\Qrcode.php ]
[ info ] [ LOG ] INIT File
[ error ] [0]致命错误: Call to undefined method app\home\controller\qrcode::png()[C:\xampp\htdocs\weice\application\home\controller\Qrcode.php:19]
---------------------------------------------------------------
[ 2019-09-08T15:19:49+08:00 ] 0.0.0.0 GET localhost/weice/public/home/qrcode/scerweima
[运行时间：0.061000s] [吞吐率：16.39req/s] [内存消耗：2,092.54kb] [文件加载：38]
[ info ] [ LANG ] C:\xampp\htdocs\weice\thinkphp\lang\zh-cn.php
[ info ] [ ROUTE ] array (
  'type' => 'module',
  'module' => 
  array (
    0 => 'home',
    1 => 'qrcode',
    2 => 'scerweima',
  ),
)
[ info ] [ HEADER ] array (
  'host' => 'localhost',
  'connection' => 'keep-alive',
  'cache-control' => 'max-age=0',
  'upgrade-insecure-requests' => '1',
  'user-agent' => 'Mozilla/5.0 (Windows NT 6.1; Win64; x64) AppleWebKit/537.36 (KHTML, like Gecko) Chrome/76.0.3809.132 Safari/537.36',
  'sec-fetch-mode' => 'navigate',
  'sec-fetch-user' => '?1',
  'accept' => 'text/html,application/xhtml+xml,application/xml;q=0.9,image/webp,image/apng,*/*;q=0.8,application/signed-exchange;v=b3',
  'sec-fetch-site' => 'none',
  'accept-encoding' => 'gzip, deflate, br',
  'accept-language' => 'zh-CN,zh;q=0.9',
  'cookie' => 'pgv_pvi=5395149824; _ga=GA1.1.755718266.1554783737; Phpstorm-16c8fc58=6d5b542c-55c9-4fd8-9fe8-90302ffee2fb; Phpstorm-961746f9=53e40b80-1e31-4b54-be3c-97d12ebdbef8; PHPSESSID=ebdr7dqlur9iihqeb6ndormmr8',
)
[ info ] [ PARAM ] array (
)
[ info ] [ RUN ] app\home\controller\qrcode->scerweima[ C:\xampp\htdocs\weice\application\home\controller\Qrcode.php ]
[ info ] [ LOG ] INIT File
[ error ] [0]致命错误: Call to undefined method app\home\controller\qrcode::png()[C:\xampp\htdocs\weice\application\home\controller\Qrcode.php:19]
---------------------------------------------------------------
[ 2019-09-08T15:21:19+08:00 ] 0.0.0.0 GET localhost/weice/public/home/qrcode/scerweima
[运行时间：0.063000s] [吞吐率：15.87req/s] [内存消耗：2,124.01kb] [文件加载：38]
[ info ] [ LANG ] C:\xampp\htdocs\weice\thinkphp\lang\zh-cn.php
[ info ] [ ROUTE ] array (
  'type' => 'module',
  'module' => 
  array (
    0 => 'home',
    1 => 'qrcode',
    2 => 'scerweima',
  ),
)
[ info ] [ HEADER ] array (
  'host' => 'localhost',
  'connection' => 'keep-alive',
  'cache-control' => 'max-age=0',
  'upgrade-insecure-requests' => '1',
  'user-agent' => 'Mozilla/5.0 (Windows NT 6.1; Win64; x64) AppleWebKit/537.36 (KHTML, like Gecko) Chrome/76.0.3809.132 Safari/537.36',
  'sec-fetch-mode' => 'navigate',
  'sec-fetch-user' => '?1',
  'accept' => 'text/html,application/xhtml+xml,application/xml;q=0.9,image/webp,image/apng,*/*;q=0.8,application/signed-exchange;v=b3',
  'sec-fetch-site' => 'none',
  'accept-encoding' => 'gzip, deflate, br',
  'accept-language' => 'zh-CN,zh;q=0.9',
  'cookie' => 'pgv_pvi=5395149824; _ga=GA1.1.755718266.1554783737; Phpstorm-16c8fc58=6d5b542c-55c9-4fd8-9fe8-90302ffee2fb; Phpstorm-961746f9=53e40b80-1e31-4b54-be3c-97d12ebdbef8; PHPSESSID=ebdr7dqlur9iihqeb6ndormmr8',
)
[ info ] [ PARAM ] array (
)
[ info ] [ RUN ] app\home\controller\qrcode->scerweima[ C:\xampp\htdocs\weice\application\home\controller\Qrcode.php ]
[ info ] [ LOG ] INIT File
[ error ] [0]致命错误: Call to undefined method app\home\controller\qrcode::encodeString()[C:\xampp\htdocs\weice\application\home\controller\Qrcode.php:112]
---------------------------------------------------------------
[ 2019-09-08T16:24:21+08:00 ] 0.0.0.0 GET localhost/weice/public/home/qrcode
[运行时间：0.092000s] [吞吐率：10.87req/s] [内存消耗：2,137.60kb] [文件加载：39]
[ info ] [ LANG ] C:\xampp\htdocs\weice\thinkphp\lang\zh-cn.php
[ info ] [ ROUTE ] array (
  'type' => 'module',
  'module' => 
  array (
    0 => 'home',
    1 => 'qrcode',
    2 => NULL,
  ),
)
[ info ] [ HEADER ] array (
  'host' => 'localhost',
  'connection' => 'keep-alive',
  'upgrade-insecure-requests' => '1',
  'user-agent' => 'Mozilla/5.0 (Windows NT 6.1; Win64; x64) AppleWebKit/537.36 (KHTML, like Gecko) Chrome/76.0.3809.132 Safari/537.36',
  'sec-fetch-mode' => 'navigate',
  'sec-fetch-user' => '?1',
  'accept' => 'text/html,application/xhtml+xml,application/xml;q=0.9,image/webp,image/apng,*/*;q=0.8,application/signed-exchange;v=b3',
  'sec-fetch-site' => 'none',
  'accept-encoding' => 'gzip, deflate, br',
  'accept-language' => 'zh-CN,zh;q=0.9',
  'cookie' => 'pgv_pvi=5395149824; _ga=GA1.1.755718266.1554783737; Phpstorm-16c8fc58=6d5b542c-55c9-4fd8-9fe8-90302ffee2fb; Phpstorm-961746f9=53e40b80-1e31-4b54-be3c-97d12ebdbef8; PHPSESSID=ebdr7dqlur9iihqeb6ndormmr8',
)
[ info ] [ PARAM ] array (
)
[ info ] [ RUN ] app\home\controller\qrcode->index[ C:\xampp\htdocs\weice\application\home\controller\Qrcode.php ]
[ info ] [ LOG ] INIT File
[ error ] [8]Use of undefined constant ROOT_PARH - assumed 'ROOT_PARH'[C:\xampp\htdocs\weice\application\home\controller\Qrcode.php:14]
---------------------------------------------------------------
[ 2019-09-08T16:25:11+08:00 ] 0.0.0.0 GET localhost/weice/public/home/qrcode
[运行时间：0.055000s] [吞吐率：18.18req/s] [内存消耗：2,137.07kb] [文件加载：38]
[ info ] [ LANG ] C:\xampp\htdocs\weice\thinkphp\lang\zh-cn.php
[ info ] [ ROUTE ] array (
  'type' => 'module',
  'module' => 
  array (
    0 => 'home',
    1 => 'qrcode',
    2 => NULL,
  ),
)
[ info ] [ HEADER ] array (
  'host' => 'localhost',
  'connection' => 'keep-alive',
  'cache-control' => 'max-age=0',
  'upgrade-insecure-requests' => '1',
  'user-agent' => 'Mozilla/5.0 (Windows NT 6.1; Win64; x64) AppleWebKit/537.36 (KHTML, like Gecko) Chrome/76.0.3809.132 Safari/537.36',
  'sec-fetch-mode' => 'navigate',
  'sec-fetch-user' => '?1',
  'accept' => 'text/html,application/xhtml+xml,application/xml;q=0.9,image/webp,image/apng,*/*;q=0.8,application/signed-exchange;v=b3',
  'sec-fetch-site' => 'none',
  'accept-encoding' => 'gzip, deflate, br',
  'accept-language' => 'zh-CN,zh;q=0.9',
  'cookie' => 'pgv_pvi=5395149824; _ga=GA1.1.755718266.1554783737; Phpstorm-16c8fc58=6d5b542c-55c9-4fd8-9fe8-90302ffee2fb; Phpstorm-961746f9=53e40b80-1e31-4b54-be3c-97d12ebdbef8; PHPSESSID=ebdr7dqlur9iihqeb6ndormmr8',
)
[ info ] [ PARAM ] array (
)
[ info ] [ RUN ] app\home\controller\qrcode->index[ C:\xampp\htdocs\weice\application\home\controller\Qrcode.php ]
[ info ] [ LOG ] INIT File
[ error ] [0]致命错误: Call to undefined method app\home\controller\qrcode::png()[C:\xampp\htdocs\weice\application\home\controller\Qrcode.php:15]
---------------------------------------------------------------
[ 2019-09-08T16:25:43+08:00 ] 0.0.0.0 GET localhost/weice/public/home/qrcode
[运行时间：0.060000s] [吞吐率：16.67req/s] [内存消耗：1,530.53kb] [文件加载：38]
[ info ] [ LANG ] C:\xampp\htdocs\weice\thinkphp\lang\zh-cn.php
[ info ] [ ROUTE ] array (
  'type' => 'module',
  'module' => 
  array (
    0 => 'home',
    1 => 'qrcode',
    2 => NULL,
  ),
)
[ info ] [ HEADER ] array (
  'host' => 'localhost',
  'connection' => 'keep-alive',
  'cache-control' => 'max-age=0',
  'upgrade-insecure-requests' => '1',
  'user-agent' => 'Mozilla/5.0 (Windows NT 6.1; Win64; x64) AppleWebKit/537.36 (KHTML, like Gecko) Chrome/76.0.3809.132 Safari/537.36',
  'sec-fetch-mode' => 'navigate',
  'sec-fetch-user' => '?1',
  'accept' => 'text/html,application/xhtml+xml,application/xml;q=0.9,image/webp,image/apng,*/*;q=0.8,application/signed-exchange;v=b3',
  'sec-fetch-site' => 'none',
  'accept-encoding' => 'gzip, deflate, br',
  'accept-language' => 'zh-CN,zh;q=0.9',
  'cookie' => 'pgv_pvi=5395149824; _ga=GA1.1.755718266.1554783737; Phpstorm-16c8fc58=6d5b542c-55c9-4fd8-9fe8-90302ffee2fb; Phpstorm-961746f9=53e40b80-1e31-4b54-be3c-97d12ebdbef8; PHPSESSID=ebdr7dqlur9iihqeb6ndormmr8',
)
[ info ] [ PARAM ] array (
)
[ info ] [ RUN ] app\home\controller\qrcode->index[ C:\xampp\htdocs\weice\application\home\controller\Qrcode.php ]
[ info ] [ LOG ] INIT File
[ error ] [2]include(phpqrcode/phpqrcode.php): failed to open stream: No such file or directory[C:\xampp\htdocs\weice\application\home\controller\Qrcode.php:12]
---------------------------------------------------------------
[ 2019-09-08T16:33:16+08:00 ] 0.0.0.0 GET localhost/weice/public/home/qrcode
[运行时间：0.056000s] [吞吐率：17.86req/s] [内存消耗：1,531.27kb] [文件加载：38]
[ info ] [ LANG ] C:\xampp\htdocs\weice\thinkphp\lang\zh-cn.php
[ info ] [ ROUTE ] array (
  'type' => 'module',
  'module' => 
  array (
    0 => 'home',
    1 => 'qrcode',
    2 => NULL,
  ),
)
[ info ] [ HEADER ] array (
  'host' => 'localhost',
  'connection' => 'keep-alive',
  'cache-control' => 'max-age=0',
  'upgrade-insecure-requests' => '1',
  'user-agent' => 'Mozilla/5.0 (Windows NT 6.1; Win64; x64) AppleWebKit/537.36 (KHTML, like Gecko) Chrome/76.0.3809.132 Safari/537.36',
  'sec-fetch-mode' => 'navigate',
  'sec-fetch-user' => '?1',
  'accept' => 'text/html,application/xhtml+xml,application/xml;q=0.9,image/webp,image/apng,*/*;q=0.8,application/signed-exchange;v=b3',
  'sec-fetch-site' => 'none',
  'accept-encoding' => 'gzip, deflate, br',
  'accept-language' => 'zh-CN,zh;q=0.9',
  'cookie' => 'pgv_pvi=5395149824; _ga=GA1.1.755718266.1554783737; Phpstorm-16c8fc58=6d5b542c-55c9-4fd8-9fe8-90302ffee2fb; Phpstorm-961746f9=53e40b80-1e31-4b54-be3c-97d12ebdbef8; PHPSESSID=ebdr7dqlur9iihqeb6ndormmr8',
)
[ info ] [ PARAM ] array (
)
[ info ] [ RUN ] app\home\controller\qrcode->index[ C:\xampp\htdocs\weice\application\home\controller\Qrcode.php ]
[ info ] [ LOG ] INIT File
[ error ] [8]Use of undefined constant phpqrcode - assumed 'phpqrcode'[C:\xampp\htdocs\weice\application\home\controller\Qrcode.php:13]
---------------------------------------------------------------
[ 2019-09-08T16:33:51+08:00 ] 0.0.0.0 GET localhost/weice/public/home/qrcode
[运行时间：0.056000s] [吞吐率：17.86req/s] [内存消耗：2,136.87kb] [文件加载：38]
[ info ] [ LANG ] C:\xampp\htdocs\weice\thinkphp\lang\zh-cn.php
[ info ] [ ROUTE ] array (
  'type' => 'module',
  'module' => 
  array (
    0 => 'home',
    1 => 'qrcode',
    2 => NULL,
  ),
)
[ info ] [ HEADER ] array (
  'host' => 'localhost',
  'connection' => 'keep-alive',
  'cache-control' => 'max-age=0',
  'upgrade-insecure-requests' => '1',
  'user-agent' => 'Mozilla/5.0 (Windows NT 6.1; Win64; x64) AppleWebKit/537.36 (KHTML, like Gecko) Chrome/76.0.3809.132 Safari/537.36',
  'sec-fetch-mode' => 'navigate',
  'sec-fetch-user' => '?1',
  'accept' => 'text/html,application/xhtml+xml,application/xml;q=0.9,image/webp,image/apng,*/*;q=0.8,application/signed-exchange;v=b3',
  'sec-fetch-site' => 'none',
  'accept-encoding' => 'gzip, deflate, br',
  'accept-language' => 'zh-CN,zh;q=0.9',
  'cookie' => 'pgv_pvi=5395149824; _ga=GA1.1.755718266.1554783737; Phpstorm-16c8fc58=6d5b542c-55c9-4fd8-9fe8-90302ffee2fb; Phpstorm-961746f9=53e40b80-1e31-4b54-be3c-97d12ebdbef8; PHPSESSID=ebdr7dqlur9iihqeb6ndormmr8',
)
[ info ] [ PARAM ] array (
)
[ info ] [ RUN ] app\home\controller\qrcode->index[ C:\xampp\htdocs\weice\application\home\controller\Qrcode.php ]
[ info ] [ LOG ] INIT File
[ error ] [0]致命错误: Class 'QRcode' not found[C:\xampp\htdocs\weice\application\home\controller\Qrcode.php:16]
---------------------------------------------------------------
[ 2019-09-08T16:34:32+08:00 ] 0.0.0.0 GET localhost/weice/public/home/qrcode
[运行时间：0.604000s] [吞吐率：1.66req/s] [内存消耗：2,066.10kb] [文件加载：35]
[ info ] [ LANG ] C:\xampp\htdocs\weice\thinkphp\lang\zh-cn.php
[ info ] [ ROUTE ] array (
  'type' => 'module',
  'module' => 
  array (
    0 => 'home',
    1 => 'qrcode',
    2 => NULL,
  ),
)
[ info ] [ HEADER ] array (
  'host' => 'localhost',
  'connection' => 'keep-alive',
  'cache-control' => 'max-age=0',
  'upgrade-insecure-requests' => '1',
  'user-agent' => 'Mozilla/5.0 (Windows NT 6.1; Win64; x64) AppleWebKit/537.36 (KHTML, like Gecko) Chrome/76.0.3809.132 Safari/537.36',
  'sec-fetch-mode' => 'navigate',
  'sec-fetch-user' => '?1',
  'accept' => 'text/html,application/xhtml+xml,application/xml;q=0.9,image/webp,image/apng,*/*;q=0.8,application/signed-exchange;v=b3',
  'sec-fetch-site' => 'none',
  'accept-encoding' => 'gzip, deflate, br',
  'accept-language' => 'zh-CN,zh;q=0.9',
  'cookie' => 'pgv_pvi=5395149824; _ga=GA1.1.755718266.1554783737; Phpstorm-16c8fc58=6d5b542c-55c9-4fd8-9fe8-90302ffee2fb; Phpstorm-961746f9=53e40b80-1e31-4b54-be3c-97d12ebdbef8; PHPSESSID=ebdr7dqlur9iihqeb6ndormmr8',
)
[ info ] [ PARAM ] array (
)
[ info ] [ RUN ] app\home\controller\qrcode->index[ C:\xampp\htdocs\weice\application\home\controller\Qrcode.php ]
[ info ] [ LOG ] INIT File
---------------------------------------------------------------
[ 2019-09-08T16:34:32+08:00 ] 0.0.0.0 GET localhost/weice/public/home/images/t2.png
[运行时间：0.048000s] [吞吐率：20.83req/s] [内存消耗：1,158.92kb] [文件加载：31]
[ info ] [ LANG ] C:\xampp\htdocs\weice\thinkphp\lang\zh-cn.php
[ info ] [ ROUTE ] array (
  'type' => 'module',
  'module' => 
  array (
    0 => 'home',
    1 => 'images',
    2 => 't2.png',
  ),
)
[ info ] [ HEADER ] array (
  'host' => 'localhost',
  'connection' => 'keep-alive',
  'sec-fetch-mode' => 'no-cors',
  'user-agent' => 'Mozilla/5.0 (Windows NT 6.1; Win64; x64) AppleWebKit/537.36 (KHTML, like Gecko) Chrome/76.0.3809.132 Safari/537.36',
  'accept' => 'image/webp,image/apng,image/*,*/*;q=0.8',
  'sec-fetch-site' => 'same-origin',
  'referer' => 'http://localhost/weice/public/home/qrcode',
  'accept-encoding' => 'gzip, deflate, br',
  'accept-language' => 'zh-CN,zh;q=0.9',
  'cookie' => 'pgv_pvi=5395149824; _ga=GA1.1.755718266.1554783737; Phpstorm-16c8fc58=6d5b542c-55c9-4fd8-9fe8-90302ffee2fb; Phpstorm-961746f9=53e40b80-1e31-4b54-be3c-97d12ebdbef8; PHPSESSID=ebdr7dqlur9iihqeb6ndormmr8',
)
[ info ] [ PARAM ] array (
)
[ info ] [ LOG ] INIT File
---------------------------------------------------------------
[ 2019-09-08T16:34:32+08:00 ] 0.0.0.0 GET localhost/weice/public/home/images/t3.png
[运行时间：0.048000s] [吞吐率：20.83req/s] [内存消耗：1,158.92kb] [文件加载：31]
[ info ] [ LANG ] C:\xampp\htdocs\weice\thinkphp\lang\zh-cn.php
[ info ] [ ROUTE ] array (
  'type' => 'module',
  'module' => 
  array (
    0 => 'home',
    1 => 'images',
    2 => 't3.png',
  ),
)
[ info ] [ HEADER ] array (
  'host' => 'localhost',
  'connection' => 'keep-alive',
  'sec-fetch-mode' => 'no-cors',
  'user-agent' => 'Mozilla/5.0 (Windows NT 6.1; Win64; x64) AppleWebKit/537.36 (KHTML, like Gecko) Chrome/76.0.3809.132 Safari/537.36',
  'accept' => 'image/webp,image/apng,image/*,*/*;q=0.8',
  'sec-fetch-site' => 'same-origin',
  'referer' => 'http://localhost/weice/public/home/qrcode',
  'accept-encoding' => 'gzip, deflate, br',
  'accept-language' => 'zh-CN,zh;q=0.9',
  'cookie' => 'pgv_pvi=5395149824; _ga=GA1.1.755718266.1554783737; Phpstorm-16c8fc58=6d5b542c-55c9-4fd8-9fe8-90302ffee2fb; Phpstorm-961746f9=53e40b80-1e31-4b54-be3c-97d12ebdbef8; PHPSESSID=ebdr7dqlur9iihqeb6ndormmr8',
)
[ info ] [ PARAM ] array (
)
[ info ] [ LOG ] INIT File
---------------------------------------------------------------
[ 2019-09-08T16:36:36+08:00 ] 0.0.0.0 GET localhost/weice/public/home/qrcode
[运行时间：0.607000s] [吞吐率：1.65req/s] [内存消耗：2,073.08kb] [文件加载：37]
[ info ] [ LANG ] C:\xampp\htdocs\weice\thinkphp\lang\zh-cn.php
[ info ] [ ROUTE ] array (
  'type' => 'module',
  'module' => 
  array (
    0 => 'home',
    1 => 'qrcode',
    2 => NULL,
  ),
)
[ info ] [ HEADER ] array (
  'host' => 'localhost',
  'connection' => 'keep-alive',
  'cache-control' => 'max-age=0',
  'upgrade-insecure-requests' => '1',
  'user-agent' => 'Mozilla/5.0 (Windows NT 6.1; Win64; x64) AppleWebKit/537.36 (KHTML, like Gecko) Chrome/76.0.3809.132 Safari/537.36',
  'sec-fetch-mode' => 'navigate',
  'sec-fetch-user' => '?1',
  'accept' => 'text/html,application/xhtml+xml,application/xml;q=0.9,image/webp,image/apng,*/*;q=0.8,application/signed-exchange;v=b3',
  'sec-fetch-site' => 'none',
  'accept-encoding' => 'gzip, deflate, br',
  'accept-language' => 'zh-CN,zh;q=0.9',
  'cookie' => 'pgv_pvi=5395149824; _ga=GA1.1.755718266.1554783737; Phpstorm-16c8fc58=6d5b542c-55c9-4fd8-9fe8-90302ffee2fb; Phpstorm-961746f9=53e40b80-1e31-4b54-be3c-97d12ebdbef8; PHPSESSID=ebdr7dqlur9iihqeb6ndormmr8',
)
[ info ] [ PARAM ] array (
)
[ info ] [ RUN ] app\home\controller\qrcode->index[ C:\xampp\htdocs\weice\application\home\controller\Qrcode.php ]
[ info ] [ LOG ] INIT File
---------------------------------------------------------------
[ 2019-09-08T16:36:36+08:00 ] 0.0.0.0 GET localhost/weice/public/home/images/t2.png
[运行时间：0.042000s] [吞吐率：23.81req/s] [内存消耗：1,158.92kb] [文件加载：31]
[ info ] [ LANG ] C:\xampp\htdocs\weice\thinkphp\lang\zh-cn.php
[ info ] [ ROUTE ] array (
  'type' => 'module',
  'module' => 
  array (
    0 => 'home',
    1 => 'images',
    2 => 't2.png',
  ),
)
[ info ] [ HEADER ] array (
  'host' => 'localhost',
  'connection' => 'keep-alive',
  'sec-fetch-mode' => 'no-cors',
  'user-agent' => 'Mozilla/5.0 (Windows NT 6.1; Win64; x64) AppleWebKit/537.36 (KHTML, like Gecko) Chrome/76.0.3809.132 Safari/537.36',
  'accept' => 'image/webp,image/apng,image/*,*/*;q=0.8',
  'sec-fetch-site' => 'same-origin',
  'referer' => 'http://localhost/weice/public/home/qrcode',
  'accept-encoding' => 'gzip, deflate, br',
  'accept-language' => 'zh-CN,zh;q=0.9',
  'cookie' => 'pgv_pvi=5395149824; _ga=GA1.1.755718266.1554783737; Phpstorm-16c8fc58=6d5b542c-55c9-4fd8-9fe8-90302ffee2fb; Phpstorm-961746f9=53e40b80-1e31-4b54-be3c-97d12ebdbef8; PHPSESSID=ebdr7dqlur9iihqeb6ndormmr8',
)
[ info ] [ PARAM ] array (
)
[ info ] [ LOG ] INIT File
---------------------------------------------------------------
[ 2019-09-08T16:36:36+08:00 ] 0.0.0.0 GET localhost/weice/public/home/images/t3.png
[运行时间：0.043000s] [吞吐率：23.26req/s] [内存消耗：1,158.92kb] [文件加载：31]
[ info ] [ LANG ] C:\xampp\htdocs\weice\thinkphp\lang\zh-cn.php
[ info ] [ ROUTE ] array (
  'type' => 'module',
  'module' => 
  array (
    0 => 'home',
    1 => 'images',
    2 => 't3.png',
  ),
)
[ info ] [ HEADER ] array (
  'host' => 'localhost',
  'connection' => 'keep-alive',
  'sec-fetch-mode' => 'no-cors',
  'user-agent' => 'Mozilla/5.0 (Windows NT 6.1; Win64; x64) AppleWebKit/537.36 (KHTML, like Gecko) Chrome/76.0.3809.132 Safari/537.36',
  'accept' => 'image/webp,image/apng,image/*,*/*;q=0.8',
  'sec-fetch-site' => 'same-origin',
  'referer' => 'http://localhost/weice/public/home/qrcode',
  'accept-encoding' => 'gzip, deflate, br',
  'accept-language' => 'zh-CN,zh;q=0.9',
  'cookie' => 'pgv_pvi=5395149824; _ga=GA1.1.755718266.1554783737; Phpstorm-16c8fc58=6d5b542c-55c9-4fd8-9fe8-90302ffee2fb; Phpstorm-961746f9=53e40b80-1e31-4b54-be3c-97d12ebdbef8; PHPSESSID=ebdr7dqlur9iihqeb6ndormmr8',
)
[ info ] [ PARAM ] array (
)
[ info ] [ LOG ] INIT File
---------------------------------------------------------------
[ 2019-09-08T16:37:06+08:00 ] 0.0.0.0 GET localhost/weice/public/home/qrcode
[运行时间：0.613000s] [吞吐率：1.63req/s] [内存消耗：2,072.98kb] [文件加载：37]
[ info ] [ LANG ] C:\xampp\htdocs\weice\thinkphp\lang\zh-cn.php
[ info ] [ ROUTE ] array (
  'type' => 'module',
  'module' => 
  array (
    0 => 'home',
    1 => 'qrcode',
    2 => NULL,
  ),
)
[ info ] [ HEADER ] array (
  'host' => 'localhost',
  'connection' => 'keep-alive',
  'cache-control' => 'max-age=0',
  'upgrade-insecure-requests' => '1',
  'user-agent' => 'Mozilla/5.0 (Windows NT 6.1; Win64; x64) AppleWebKit/537.36 (KHTML, like Gecko) Chrome/76.0.3809.132 Safari/537.36',
  'sec-fetch-mode' => 'navigate',
  'sec-fetch-user' => '?1',
  'accept' => 'text/html,application/xhtml+xml,application/xml;q=0.9,image/webp,image/apng,*/*;q=0.8,application/signed-exchange;v=b3',
  'sec-fetch-site' => 'none',
  'accept-encoding' => 'gzip, deflate, br',
  'accept-language' => 'zh-CN,zh;q=0.9',
  'cookie' => 'pgv_pvi=5395149824; _ga=GA1.1.755718266.1554783737; Phpstorm-16c8fc58=6d5b542c-55c9-4fd8-9fe8-90302ffee2fb; Phpstorm-961746f9=53e40b80-1e31-4b54-be3c-97d12ebdbef8; PHPSESSID=ebdr7dqlur9iihqeb6ndormmr8',
)
[ info ] [ PARAM ] array (
)
[ info ] [ RUN ] app\home\controller\qrcode->index[ C:\xampp\htdocs\weice\application\home\controller\Qrcode.php ]
[ info ] [ LOG ] INIT File
---------------------------------------------------------------
[ 2019-09-08T16:39:37+08:00 ] 0.0.0.0 GET localhost/weice/public/home/qrcode
[运行时间：0.327000s] [吞吐率：3.06req/s] [内存消耗：2,065.13kb] [文件加载：35]
[ info ] [ LANG ] C:\xampp\htdocs\weice\thinkphp\lang\zh-cn.php
[ info ] [ ROUTE ] array (
  'type' => 'module',
  'module' => 
  array (
    0 => 'home',
    1 => 'qrcode',
    2 => NULL,
  ),
)
[ info ] [ HEADER ] array (
  'host' => 'localhost',
  'connection' => 'keep-alive',
  'cache-control' => 'max-age=0',
  'upgrade-insecure-requests' => '1',
  'user-agent' => 'Mozilla/5.0 (Windows NT 6.1; Win64; x64) AppleWebKit/537.36 (KHTML, like Gecko) Chrome/76.0.3809.132 Safari/537.36',
  'sec-fetch-mode' => 'navigate',
  'sec-fetch-user' => '?1',
  'accept' => 'text/html,application/xhtml+xml,application/xml;q=0.9,image/webp,image/apng,*/*;q=0.8,application/signed-exchange;v=b3',
  'sec-fetch-site' => 'none',
  'accept-encoding' => 'gzip, deflate, br',
  'accept-language' => 'zh-CN,zh;q=0.9',
  'cookie' => 'pgv_pvi=5395149824; _ga=GA1.1.755718266.1554783737; Phpstorm-16c8fc58=6d5b542c-55c9-4fd8-9fe8-90302ffee2fb; Phpstorm-961746f9=53e40b80-1e31-4b54-be3c-97d12ebdbef8; PHPSESSID=ebdr7dqlur9iihqeb6ndormmr8',
)
[ info ] [ PARAM ] array (
)
[ info ] [ RUN ] app\home\controller\qrcode->index[ C:\xampp\htdocs\weice\application\home\controller\Qrcode.php ]
[ info ] [ LOG ] INIT File
---------------------------------------------------------------
[ 2019-09-08T16:39:37+08:00 ] 0.0.0.0 GET localhost/weice/public/home/.$path.
[运行时间：0.037000s] [吞吐率：27.03req/s] [内存消耗：1,156.45kb] [文件加载：30]
[ info ] [ LANG ] C:\xampp\htdocs\weice\thinkphp\lang\zh-cn.php
[ info ] [ ROUTE ] array (
  'type' => 'module',
  'module' => 
  array (
    0 => 'home',
    1 => '.$path',
    2 => NULL,
  ),
)
[ info ] [ HEADER ] array (
  'host' => 'localhost',
  'connection' => 'keep-alive',
  'sec-fetch-mode' => 'no-cors',
  'user-agent' => 'Mozilla/5.0 (Windows NT 6.1; Win64; x64) AppleWebKit/537.36 (KHTML, like Gecko) Chrome/76.0.3809.132 Safari/537.36',
  'accept' => 'image/webp,image/apng,image/*,*/*;q=0.8',
  'sec-fetch-site' => 'same-origin',
  'referer' => 'http://localhost/weice/public/home/qrcode',
  'accept-encoding' => 'gzip, deflate, br',
  'accept-language' => 'zh-CN,zh;q=0.9',
  'cookie' => 'pgv_pvi=5395149824; _ga=GA1.1.755718266.1554783737; Phpstorm-16c8fc58=6d5b542c-55c9-4fd8-9fe8-90302ffee2fb; Phpstorm-961746f9=53e40b80-1e31-4b54-be3c-97d12ebdbef8; PHPSESSID=ebdr7dqlur9iihqeb6ndormmr8',
)
[ info ] [ PARAM ] array (
)
[ info ] [ LOG ] INIT File
---------------------------------------------------------------
[ 2019-09-08T16:42:38+08:00 ] 0.0.0.0 GET localhost/weice/public/home/qrcode
[运行时间：0.329000s] [吞吐率：3.04req/s] [内存消耗：2,065.13kb] [文件加载：35]
[ info ] [ LANG ] C:\xampp\htdocs\weice\thinkphp\lang\zh-cn.php
[ info ] [ ROUTE ] array (
  'type' => 'module',
  'module' => 
  array (
    0 => 'home',
    1 => 'qrcode',
    2 => NULL,
  ),
)
[ info ] [ HEADER ] array (
  'host' => 'localhost',
  'connection' => 'keep-alive',
  'cache-control' => 'max-age=0',
  'upgrade-insecure-requests' => '1',
  'user-agent' => 'Mozilla/5.0 (Windows NT 6.1; Win64; x64) AppleWebKit/537.36 (KHTML, like Gecko) Chrome/76.0.3809.132 Safari/537.36',
  'sec-fetch-mode' => 'navigate',
  'sec-fetch-user' => '?1',
  'accept' => 'text/html,application/xhtml+xml,application/xml;q=0.9,image/webp,image/apng,*/*;q=0.8,application/signed-exchange;v=b3',
  'sec-fetch-site' => 'none',
  'accept-encoding' => 'gzip, deflate, br',
  'accept-language' => 'zh-CN,zh;q=0.9',
  'cookie' => 'pgv_pvi=5395149824; _ga=GA1.1.755718266.1554783737; Phpstorm-16c8fc58=6d5b542c-55c9-4fd8-9fe8-90302ffee2fb; Phpstorm-961746f9=53e40b80-1e31-4b54-be3c-97d12ebdbef8; PHPSESSID=ebdr7dqlur9iihqeb6ndormmr8',
)
[ info ] [ PARAM ] array (
)
[ info ] [ RUN ] app\home\controller\qrcode->index[ C:\xampp\htdocs\weice\application\home\controller\Qrcode.php ]
[ info ] [ LOG ] INIT File
---------------------------------------------------------------
[ 2019-09-08T16:42:38+08:00 ] 0.0.0.0 GET localhost/weice/public/home/$path./
[运行时间：0.039000s] [吞吐率：25.64req/s] [内存消耗：1,156.45kb] [文件加载：30]
[ info ] [ LANG ] C:\xampp\htdocs\weice\thinkphp\lang\zh-cn.php
[ info ] [ ROUTE ] array (
  'type' => 'module',
  'module' => 
  array (
    0 => 'home',
    1 => '$path',
    2 => NULL,
  ),
)
[ info ] [ HEADER ] array (
  'host' => 'localhost',
  'connection' => 'keep-alive',
  'sec-fetch-mode' => 'no-cors',
  'user-agent' => 'Mozilla/5.0 (Windows NT 6.1; Win64; x64) AppleWebKit/537.36 (KHTML, like Gecko) Chrome/76.0.3809.132 Safari/537.36',
  'accept' => 'image/webp,image/apng,image/*,*/*;q=0.8',
  'sec-fetch-site' => 'same-origin',
  'referer' => 'http://localhost/weice/public/home/qrcode',
  'accept-encoding' => 'gzip, deflate, br',
  'accept-language' => 'zh-CN,zh;q=0.9',
  'cookie' => 'pgv_pvi=5395149824; _ga=GA1.1.755718266.1554783737; Phpstorm-16c8fc58=6d5b542c-55c9-4fd8-9fe8-90302ffee2fb; Phpstorm-961746f9=53e40b80-1e31-4b54-be3c-97d12ebdbef8; PHPSESSID=ebdr7dqlur9iihqeb6ndormmr8',
)
[ info ] [ PARAM ] array (
)
[ info ] [ LOG ] INIT File
---------------------------------------------------------------
[ 2019-09-08T16:43:25+08:00 ] 0.0.0.0 GET localhost/weice/public/home/qrcode
[运行时间：0.471000s] [吞吐率：2.12req/s] [内存消耗：2,065.68kb] [文件加载：35]
[ info ] [ LANG ] C:\xampp\htdocs\weice\thinkphp\lang\zh-cn.php
[ info ] [ ROUTE ] array (
  'type' => 'module',
  'module' => 
  array (
    0 => 'home',
    1 => 'qrcode',
    2 => NULL,
  ),
)
[ info ] [ HEADER ] array (
  'host' => 'localhost',
  'connection' => 'keep-alive',
  'cache-control' => 'max-age=0',
  'upgrade-insecure-requests' => '1',
  'user-agent' => 'Mozilla/5.0 (Windows NT 6.1; Win64; x64) AppleWebKit/537.36 (KHTML, like Gecko) Chrome/76.0.3809.132 Safari/537.36',
  'sec-fetch-mode' => 'navigate',
  'sec-fetch-user' => '?1',
  'accept' => 'text/html,application/xhtml+xml,application/xml;q=0.9,image/webp,image/apng,*/*;q=0.8,application/signed-exchange;v=b3',
  'sec-fetch-site' => 'none',
  'accept-encoding' => 'gzip, deflate, br',
  'accept-language' => 'zh-CN,zh;q=0.9',
  'cookie' => 'pgv_pvi=5395149824; _ga=GA1.1.755718266.1554783737; Phpstorm-16c8fc58=6d5b542c-55c9-4fd8-9fe8-90302ffee2fb; Phpstorm-961746f9=53e40b80-1e31-4b54-be3c-97d12ebdbef8; PHPSESSID=ebdr7dqlur9iihqeb6ndormmr8',
)
[ info ] [ PARAM ] array (
)
[ info ] [ RUN ] app\home\controller\qrcode->index[ C:\xampp\htdocs\weice\application\home\controller\Qrcode.php ]
[ info ] [ LOG ] INIT File
---------------------------------------------------------------
[ 2019-09-08T16:44:37+08:00 ] 0.0.0.0 GET localhost/weice/public/home/qrcode
[运行时间：0.493000s] [吞吐率：2.03req/s] [内存消耗：2,065.69kb] [文件加载：35]
[ info ] [ LANG ] C:\xampp\htdocs\weice\thinkphp\lang\zh-cn.php
[ info ] [ ROUTE ] array (
  'type' => 'module',
  'module' => 
  array (
    0 => 'home',
    1 => 'qrcode',
    2 => NULL,
  ),
)
[ info ] [ HEADER ] array (
  'host' => 'localhost',
  'connection' => 'keep-alive',
  'cache-control' => 'max-age=0',
  'upgrade-insecure-requests' => '1',
  'user-agent' => 'Mozilla/5.0 (Windows NT 6.1; Win64; x64) AppleWebKit/537.36 (KHTML, like Gecko) Chrome/76.0.3809.132 Safari/537.36',
  'sec-fetch-mode' => 'navigate',
  'sec-fetch-user' => '?1',
  'accept' => 'text/html,application/xhtml+xml,application/xml;q=0.9,image/webp,image/apng,*/*;q=0.8,application/signed-exchange;v=b3',
  'sec-fetch-site' => 'none',
  'accept-encoding' => 'gzip, deflate, br',
  'accept-language' => 'zh-CN,zh;q=0.9',
  'cookie' => 'pgv_pvi=5395149824; _ga=GA1.1.755718266.1554783737; Phpstorm-16c8fc58=6d5b542c-55c9-4fd8-9fe8-90302ffee2fb; Phpstorm-961746f9=53e40b80-1e31-4b54-be3c-97d12ebdbef8; PHPSESSID=ebdr7dqlur9iihqeb6ndormmr8',
)
[ info ] [ PARAM ] array (
)
[ info ] [ RUN ] app\home\controller\qrcode->index[ C:\xampp\htdocs\weice\application\home\controller\Qrcode.php ]
[ info ] [ LOG ] INIT File
---------------------------------------------------------------
[ 2019-09-08T16:46:07+08:00 ] 0.0.0.0 GET localhost/weice/public/home/qrcode
[运行时间：0.470000s] [吞吐率：2.13req/s] [内存消耗：2,072.26kb] [文件加载：37]
[ info ] [ LANG ] C:\xampp\htdocs\weice\thinkphp\lang\zh-cn.php
[ info ] [ ROUTE ] array (
  'type' => 'module',
  'module' => 
  array (
    0 => 'home',
    1 => 'qrcode',
    2 => NULL,
  ),
)
[ info ] [ HEADER ] array (
  'host' => 'localhost',
  'connection' => 'keep-alive',
  'cache-control' => 'max-age=0',
  'upgrade-insecure-requests' => '1',
  'user-agent' => 'Mozilla/5.0 (Windows NT 6.1; Win64; x64) AppleWebKit/537.36 (KHTML, like Gecko) Chrome/76.0.3809.132 Safari/537.36',
  'sec-fetch-mode' => 'navigate',
  'sec-fetch-user' => '?1',
  'accept' => 'text/html,application/xhtml+xml,application/xml;q=0.9,image/webp,image/apng,*/*;q=0.8,application/signed-exchange;v=b3',
  'sec-fetch-site' => 'none',
  'accept-encoding' => 'gzip, deflate, br',
  'accept-language' => 'zh-CN,zh;q=0.9',
  'cookie' => 'pgv_pvi=5395149824; _ga=GA1.1.755718266.1554783737; Phpstorm-16c8fc58=6d5b542c-55c9-4fd8-9fe8-90302ffee2fb; Phpstorm-961746f9=53e40b80-1e31-4b54-be3c-97d12ebdbef8; PHPSESSID=ebdr7dqlur9iihqeb6ndormmr8',
)
[ info ] [ PARAM ] array (
)
[ info ] [ RUN ] app\home\controller\qrcode->index[ C:\xampp\htdocs\weice\application\home\controller\Qrcode.php ]
[ info ] [ LOG ] INIT File
---------------------------------------------------------------
[ 2019-09-08T17:24:37+08:00 ] 0.0.0.0 GET localhost/weice/public/home/qrcode
[运行时间：0.461000s] [吞吐率：2.17req/s] [内存消耗：2,072.26kb] [文件加载：37]
[ info ] [ LANG ] C:\xampp\htdocs\weice\thinkphp\lang\zh-cn.php
[ info ] [ ROUTE ] array (
  'type' => 'module',
  'module' => 
  array (
    0 => 'home',
    1 => 'qrcode',
    2 => NULL,
  ),
)
[ info ] [ HEADER ] array (
  'host' => 'localhost',
  'connection' => 'keep-alive',
  'cache-control' => 'max-age=0',
  'upgrade-insecure-requests' => '1',
  'user-agent' => 'Mozilla/5.0 (Windows NT 6.1; Win64; x64) AppleWebKit/537.36 (KHTML, like Gecko) Chrome/76.0.3809.132 Safari/537.36',
  'sec-fetch-mode' => 'navigate',
  'sec-fetch-user' => '?1',
  'accept' => 'text/html,application/xhtml+xml,application/xml;q=0.9,image/webp,image/apng,*/*;q=0.8,application/signed-exchange;v=b3',
  'sec-fetch-site' => 'none',
  'accept-encoding' => 'gzip, deflate, br',
  'accept-language' => 'zh-CN,zh;q=0.9',
  'cookie' => 'pgv_pvi=5395149824; _ga=GA1.1.755718266.1554783737; Phpstorm-16c8fc58=6d5b542c-55c9-4fd8-9fe8-90302ffee2fb; Phpstorm-961746f9=53e40b80-1e31-4b54-be3c-97d12ebdbef8; PHPSESSID=ebdr7dqlur9iihqeb6ndormmr8',
)
[ info ] [ PARAM ] array (
)
[ info ] [ RUN ] app\home\controller\qrcode->index[ C:\xampp\htdocs\weice\application\home\controller\Qrcode.php ]
[ info ] [ LOG ] INIT File
---------------------------------------------------------------
[ 2019-09-08T17:25:32+08:00 ] 0.0.0.0 GET localhost/weice/public/home/qrcode
[运行时间：0.476000s] [吞吐率：2.10req/s] [内存消耗：2,065.69kb] [文件加载：35]
[ info ] [ LANG ] C:\xampp\htdocs\weice\thinkphp\lang\zh-cn.php
[ info ] [ ROUTE ] array (
  'type' => 'module',
  'module' => 
  array (
    0 => 'home',
    1 => 'qrcode',
    2 => NULL,
  ),
)
[ info ] [ HEADER ] array (
  'host' => 'localhost',
  'connection' => 'keep-alive',
  'cache-control' => 'max-age=0',
  'upgrade-insecure-requests' => '1',
  'user-agent' => 'Mozilla/5.0 (Windows NT 6.1; Win64; x64) AppleWebKit/537.36 (KHTML, like Gecko) Chrome/76.0.3809.132 Safari/537.36',
  'sec-fetch-mode' => 'navigate',
  'sec-fetch-user' => '?1',
  'accept' => 'text/html,application/xhtml+xml,application/xml;q=0.9,image/webp,image/apng,*/*;q=0.8,application/signed-exchange;v=b3',
  'sec-fetch-site' => 'none',
  'accept-encoding' => 'gzip, deflate, br',
  'accept-language' => 'zh-CN,zh;q=0.9',
  'cookie' => 'pgv_pvi=5395149824; _ga=GA1.1.755718266.1554783737; Phpstorm-16c8fc58=6d5b542c-55c9-4fd8-9fe8-90302ffee2fb; Phpstorm-961746f9=53e40b80-1e31-4b54-be3c-97d12ebdbef8; PHPSESSID=ebdr7dqlur9iihqeb6ndormmr8',
)
[ info ] [ PARAM ] array (
)
[ info ] [ RUN ] app\home\controller\qrcode->index[ C:\xampp\htdocs\weice\application\home\controller\Qrcode.php ]
[ info ] [ LOG ] INIT File
---------------------------------------------------------------
[ 2019-09-08T19:11:10+08:00 ] 0.0.0.0 GET localhost/weice/public/home/qrcode
[运行时间：0.484000s] [吞吐率：2.07req/s] [内存消耗：2,072.89kb] [文件加载：37]
[ info ] [ LANG ] C:\xampp\htdocs\weice\thinkphp\lang\zh-cn.php
[ info ] [ ROUTE ] array (
  'type' => 'module',
  'module' => 
  array (
    0 => 'home',
    1 => 'qrcode',
    2 => NULL,
  ),
)
[ info ] [ HEADER ] array (
  'host' => 'localhost',
  'connection' => 'keep-alive',
  'cache-control' => 'max-age=0',
  'upgrade-insecure-requests' => '1',
  'user-agent' => 'Mozilla/5.0 (Windows NT 6.1; Win64; x64) AppleWebKit/537.36 (KHTML, like Gecko) Chrome/76.0.3809.132 Safari/537.36',
  'sec-fetch-mode' => 'navigate',
  'sec-fetch-user' => '?1',
  'accept' => 'text/html,application/xhtml+xml,application/xml;q=0.9,image/webp,image/apng,*/*;q=0.8,application/signed-exchange;v=b3',
  'sec-fetch-site' => 'none',
  'accept-encoding' => 'gzip, deflate, br',
  'accept-language' => 'zh-CN,zh;q=0.9',
  'cookie' => 'pgv_pvi=5395149824; _ga=GA1.1.755718266.1554783737; Phpstorm-16c8fc58=6d5b542c-55c9-4fd8-9fe8-90302ffee2fb; Phpstorm-961746f9=53e40b80-1e31-4b54-be3c-97d12ebdbef8; PHPSESSID=ebdr7dqlur9iihqeb6ndormmr8',
)
[ info ] [ PARAM ] array (
)
[ info ] [ RUN ] app\home\controller\qrcode->index[ C:\xampp\htdocs\weice\application\home\controller\Qrcode.php ]
[ info ] [ LOG ] INIT File
---------------------------------------------------------------
[ 2019-09-08T19:12:27+08:00 ] 0.0.0.0 GET localhost/weice/public/home/qrcode
[运行时间：0.498000s] [吞吐率：2.01req/s] [内存消耗：2,073.06kb] [文件加载：37]
[ info ] [ LANG ] C:\xampp\htdocs\weice\thinkphp\lang\zh-cn.php
[ info ] [ ROUTE ] array (
  'type' => 'module',
  'module' => 
  array (
    0 => 'home',
    1 => 'qrcode',
    2 => NULL,
  ),
)
[ info ] [ HEADER ] array (
  'host' => 'localhost',
  'connection' => 'keep-alive',
  'cache-control' => 'max-age=0',
  'upgrade-insecure-requests' => '1',
  'user-agent' => 'Mozilla/5.0 (Windows NT 6.1; Win64; x64) AppleWebKit/537.36 (KHTML, like Gecko) Chrome/76.0.3809.132 Safari/537.36',
  'sec-fetch-mode' => 'navigate',
  'sec-fetch-user' => '?1',
  'accept' => 'text/html,application/xhtml+xml,application/xml;q=0.9,image/webp,image/apng,*/*;q=0.8,application/signed-exchange;v=b3',
  'sec-fetch-site' => 'none',
  'accept-encoding' => 'gzip, deflate, br',
  'accept-language' => 'zh-CN,zh;q=0.9',
  'cookie' => 'pgv_pvi=5395149824; _ga=GA1.1.755718266.1554783737; Phpstorm-16c8fc58=6d5b542c-55c9-4fd8-9fe8-90302ffee2fb; Phpstorm-961746f9=53e40b80-1e31-4b54-be3c-97d12ebdbef8; PHPSESSID=ebdr7dqlur9iihqeb6ndormmr8',
)
[ info ] [ PARAM ] array (
)
[ info ] [ RUN ] app\home\controller\qrcode->index[ C:\xampp\htdocs\weice\application\home\controller\Qrcode.php ]
[ info ] [ LOG ] INIT File
---------------------------------------------------------------
[ 2019-09-08T19:14:09+08:00 ] 0.0.0.0 GET localhost/weice/public/home/qrcode
[运行时间：0.489000s] [吞吐率：2.04req/s] [内存消耗：2,073.56kb] [文件加载：37]
[ info ] [ LANG ] C:\xampp\htdocs\weice\thinkphp\lang\zh-cn.php
[ info ] [ ROUTE ] array (
  'type' => 'module',
  'module' => 
  array (
    0 => 'home',
    1 => 'qrcode',
    2 => NULL,
  ),
)
[ info ] [ HEADER ] array (
  'host' => 'localhost',
  'connection' => 'keep-alive',
  'cache-control' => 'max-age=0',
  'upgrade-insecure-requests' => '1',
  'user-agent' => 'Mozilla/5.0 (Windows NT 6.1; Win64; x64) AppleWebKit/537.36 (KHTML, like Gecko) Chrome/76.0.3809.132 Safari/537.36',
  'sec-fetch-mode' => 'navigate',
  'sec-fetch-user' => '?1',
  'accept' => 'text/html,application/xhtml+xml,application/xml;q=0.9,image/webp,image/apng,*/*;q=0.8,application/signed-exchange;v=b3',
  'sec-fetch-site' => 'none',
  'accept-encoding' => 'gzip, deflate, br',
  'accept-language' => 'zh-CN,zh;q=0.9',
  'cookie' => 'pgv_pvi=5395149824; _ga=GA1.1.755718266.1554783737; Phpstorm-16c8fc58=6d5b542c-55c9-4fd8-9fe8-90302ffee2fb; Phpstorm-961746f9=53e40b80-1e31-4b54-be3c-97d12ebdbef8; PHPSESSID=ebdr7dqlur9iihqeb6ndormmr8',
)
[ info ] [ PARAM ] array (
)
[ info ] [ RUN ] app\home\controller\qrcode->index[ C:\xampp\htdocs\weice\application\home\controller\Qrcode.php ]
[ info ] [ LOG ] INIT File
---------------------------------------------------------------
[ 2019-09-08T19:14:28+08:00 ] 0.0.0.0 GET localhost/weice/public/home/qrcode
[运行时间：0.485000s] [吞吐率：2.06req/s] [内存消耗：2,073.56kb] [文件加载：37]
[ info ] [ LANG ] C:\xampp\htdocs\weice\thinkphp\lang\zh-cn.php
[ info ] [ ROUTE ] array (
  'type' => 'module',
  'module' => 
  array (
    0 => 'home',
    1 => 'qrcode',
    2 => NULL,
  ),
)
[ info ] [ HEADER ] array (
  'host' => 'localhost',
  'connection' => 'keep-alive',
  'cache-control' => 'max-age=0',
  'upgrade-insecure-requests' => '1',
  'user-agent' => 'Mozilla/5.0 (Windows NT 6.1; Win64; x64) AppleWebKit/537.36 (KHTML, like Gecko) Chrome/76.0.3809.132 Safari/537.36',
  'sec-fetch-mode' => 'navigate',
  'sec-fetch-user' => '?1',
  'accept' => 'text/html,application/xhtml+xml,application/xml;q=0.9,image/webp,image/apng,*/*;q=0.8,application/signed-exchange;v=b3',
  'sec-fetch-site' => 'none',
  'accept-encoding' => 'gzip, deflate, br',
  'accept-language' => 'zh-CN,zh;q=0.9',
  'cookie' => 'pgv_pvi=5395149824; _ga=GA1.1.755718266.1554783737; Phpstorm-16c8fc58=6d5b542c-55c9-4fd8-9fe8-90302ffee2fb; Phpstorm-961746f9=53e40b80-1e31-4b54-be3c-97d12ebdbef8; PHPSESSID=ebdr7dqlur9iihqeb6ndormmr8',
)
[ info ] [ PARAM ] array (
)
[ info ] [ RUN ] app\home\controller\qrcode->index[ C:\xampp\htdocs\weice\application\home\controller\Qrcode.php ]
[ info ] [ LOG ] INIT File
---------------------------------------------------------------
[ 2019-09-08T19:16:43+08:00 ] 0.0.0.0 GET localhost/weice/public/home/qrcode
[运行时间：0.488000s] [吞吐率：2.05req/s] [内存消耗：2,073.56kb] [文件加载：37]
[ info ] [ LANG ] C:\xampp\htdocs\weice\thinkphp\lang\zh-cn.php
[ info ] [ ROUTE ] array (
  'type' => 'module',
  'module' => 
  array (
    0 => 'home',
    1 => 'qrcode',
    2 => NULL,
  ),
)
[ info ] [ HEADER ] array (
  'host' => 'localhost',
  'connection' => 'keep-alive',
  'cache-control' => 'max-age=0',
  'upgrade-insecure-requests' => '1',
  'user-agent' => 'Mozilla/5.0 (Windows NT 6.1; Win64; x64) AppleWebKit/537.36 (KHTML, like Gecko) Chrome/76.0.3809.132 Safari/537.36',
  'sec-fetch-mode' => 'navigate',
  'sec-fetch-user' => '?1',
  'accept' => 'text/html,application/xhtml+xml,application/xml;q=0.9,image/webp,image/apng,*/*;q=0.8,application/signed-exchange;v=b3',
  'sec-fetch-site' => 'none',
  'accept-encoding' => 'gzip, deflate, br',
  'accept-language' => 'zh-CN,zh;q=0.9',
  'cookie' => 'pgv_pvi=5395149824; _ga=GA1.1.755718266.1554783737; Phpstorm-16c8fc58=6d5b542c-55c9-4fd8-9fe8-90302ffee2fb; Phpstorm-961746f9=53e40b80-1e31-4b54-be3c-97d12ebdbef8; PHPSESSID=ebdr7dqlur9iihqeb6ndormmr8',
)
[ info ] [ PARAM ] array (
)
[ info ] [ RUN ] app\home\controller\qrcode->index[ C:\xampp\htdocs\weice\application\home\controller\Qrcode.php ]
[ info ] [ LOG ] INIT File
---------------------------------------------------------------
[ 2019-09-08T19:29:14+08:00 ] 0.0.0.0 GET localhost/weice/public/home/qrcode
[运行时间：0.482000s] [吞吐率：2.07req/s] [内存消耗：2,065.69kb] [文件加载：35]
[ info ] [ LANG ] C:\xampp\htdocs\weice\thinkphp\lang\zh-cn.php
[ info ] [ ROUTE ] array (
  'type' => 'module',
  'module' => 
  array (
    0 => 'home',
    1 => 'qrcode',
    2 => NULL,
  ),
)
[ info ] [ HEADER ] array (
  'host' => 'localhost',
  'connection' => 'keep-alive',
  'cache-control' => 'max-age=0',
  'upgrade-insecure-requests' => '1',
  'user-agent' => 'Mozilla/5.0 (Windows NT 6.1; Win64; x64) AppleWebKit/537.36 (KHTML, like Gecko) Chrome/76.0.3809.132 Safari/537.36',
  'sec-fetch-mode' => 'navigate',
  'sec-fetch-user' => '?1',
  'accept' => 'text/html,application/xhtml+xml,application/xml;q=0.9,image/webp,image/apng,*/*;q=0.8,application/signed-exchange;v=b3',
  'sec-fetch-site' => 'none',
  'accept-encoding' => 'gzip, deflate, br',
  'accept-language' => 'zh-CN,zh;q=0.9',
  'cookie' => 'pgv_pvi=5395149824; _ga=GA1.1.755718266.1554783737; Phpstorm-16c8fc58=6d5b542c-55c9-4fd8-9fe8-90302ffee2fb; Phpstorm-961746f9=53e40b80-1e31-4b54-be3c-97d12ebdbef8; PHPSESSID=ebdr7dqlur9iihqeb6ndormmr8',
)
[ info ] [ PARAM ] array (
)
[ info ] [ RUN ] app\home\controller\qrcode->index[ C:\xampp\htdocs\weice\application\home\controller\Qrcode.php ]
[ info ] [ LOG ] INIT File
---------------------------------------------------------------
[ 2019-09-08T19:46:36+08:00 ] 0.0.0.0 GET localhost/weice/public/home/qrcode
[运行时间：0.492000s] [吞吐率：2.03req/s] [内存消耗：2,066.04kb] [文件加载：35]
[ info ] [ LANG ] C:\xampp\htdocs\weice\thinkphp\lang\zh-cn.php
[ info ] [ ROUTE ] array (
  'type' => 'module',
  'module' => 
  array (
    0 => 'home',
    1 => 'qrcode',
    2 => NULL,
  ),
)
[ info ] [ HEADER ] array (
  'host' => 'localhost',
  'connection' => 'keep-alive',
  'cache-control' => 'max-age=0',
  'upgrade-insecure-requests' => '1',
  'user-agent' => 'Mozilla/5.0 (Windows NT 6.1; Win64; x64) AppleWebKit/537.36 (KHTML, like Gecko) Chrome/76.0.3809.132 Safari/537.36',
  'sec-fetch-mode' => 'navigate',
  'sec-fetch-user' => '?1',
  'accept' => 'text/html,application/xhtml+xml,application/xml;q=0.9,image/webp,image/apng,*/*;q=0.8,application/signed-exchange;v=b3',
  'sec-fetch-site' => 'none',
  'accept-encoding' => 'gzip, deflate, br',
  'accept-language' => 'zh-CN,zh;q=0.9',
  'cookie' => 'pgv_pvi=5395149824; _ga=GA1.1.755718266.1554783737; Phpstorm-16c8fc58=6d5b542c-55c9-4fd8-9fe8-90302ffee2fb; Phpstorm-961746f9=53e40b80-1e31-4b54-be3c-97d12ebdbef8; PHPSESSID=ebdr7dqlur9iihqeb6ndormmr8',
)
[ info ] [ PARAM ] array (
)
[ info ] [ RUN ] app\home\controller\qrcode->index[ C:\xampp\htdocs\weice\application\home\controller\Qrcode.php ]
[ info ] [ LOG ] INIT File
---------------------------------------------------------------
[ 2019-09-08T19:48:59+08:00 ] 0.0.0.0 GET localhost/weice/public/home/qrcode
[运行时间：0.494000s] [吞吐率：2.02req/s] [内存消耗：2,066.54kb] [文件加载：35]
[ info ] [ LANG ] C:\xampp\htdocs\weice\thinkphp\lang\zh-cn.php
[ info ] [ ROUTE ] array (
  'type' => 'module',
  'module' => 
  array (
    0 => 'home',
    1 => 'qrcode',
    2 => NULL,
  ),
)
[ info ] [ HEADER ] array (
  'host' => 'localhost',
  'connection' => 'keep-alive',
  'cache-control' => 'max-age=0',
  'upgrade-insecure-requests' => '1',
  'user-agent' => 'Mozilla/5.0 (Windows NT 6.1; Win64; x64) AppleWebKit/537.36 (KHTML, like Gecko) Chrome/76.0.3809.132 Safari/537.36',
  'sec-fetch-mode' => 'navigate',
  'sec-fetch-user' => '?1',
  'accept' => 'text/html,application/xhtml+xml,application/xml;q=0.9,image/webp,image/apng,*/*;q=0.8,application/signed-exchange;v=b3',
  'sec-fetch-site' => 'none',
  'accept-encoding' => 'gzip, deflate, br',
  'accept-language' => 'zh-CN,zh;q=0.9',
  'cookie' => 'pgv_pvi=5395149824; _ga=GA1.1.755718266.1554783737; Phpstorm-16c8fc58=6d5b542c-55c9-4fd8-9fe8-90302ffee2fb; Phpstorm-961746f9=53e40b80-1e31-4b54-be3c-97d12ebdbef8; PHPSESSID=ebdr7dqlur9iihqeb6ndormmr8',
)
[ info ] [ PARAM ] array (
)
[ info ] [ RUN ] app\home\controller\qrcode->index[ C:\xampp\htdocs\weice\application\home\controller\Qrcode.php ]
[ info ] [ LOG ] INIT File
---------------------------------------------------------------
[ 2019-09-08T19:50:40+08:00 ] 0.0.0.0 GET localhost/weice/public/home/qrcode
[运行时间：0.498000s] [吞吐率：2.01req/s] [内存消耗：2,066.60kb] [文件加载：35]
[ info ] [ LANG ] C:\xampp\htdocs\weice\thinkphp\lang\zh-cn.php
[ info ] [ ROUTE ] array (
  'type' => 'module',
  'module' => 
  array (
    0 => 'home',
    1 => 'qrcode',
    2 => NULL,
  ),
)
[ info ] [ HEADER ] array (
  'host' => 'localhost',
  'connection' => 'keep-alive',
  'cache-control' => 'max-age=0',
  'upgrade-insecure-requests' => '1',
  'user-agent' => 'Mozilla/5.0 (Windows NT 6.1; Win64; x64) AppleWebKit/537.36 (KHTML, like Gecko) Chrome/76.0.3809.132 Safari/537.36',
  'sec-fetch-mode' => 'navigate',
  'sec-fetch-user' => '?1',
  'accept' => 'text/html,application/xhtml+xml,application/xml;q=0.9,image/webp,image/apng,*/*;q=0.8,application/signed-exchange;v=b3',
  'sec-fetch-site' => 'none',
  'accept-encoding' => 'gzip, deflate, br',
  'accept-language' => 'zh-CN,zh;q=0.9',
  'cookie' => 'pgv_pvi=5395149824; _ga=GA1.1.755718266.1554783737; Phpstorm-16c8fc58=6d5b542c-55c9-4fd8-9fe8-90302ffee2fb; Phpstorm-961746f9=53e40b80-1e31-4b54-be3c-97d12ebdbef8; PHPSESSID=ebdr7dqlur9iihqeb6ndormmr8',
)
[ info ] [ PARAM ] array (
)
[ info ] [ RUN ] app\home\controller\qrcode->index[ C:\xampp\htdocs\weice\application\home\controller\Qrcode.php ]
[ info ] [ LOG ] INIT File
