---------------------------------------------------------------
[ 2019-09-17T10:07:23+08:00 ] 110.64.211.77 POST 110.64.211.77/weice/public/index.php/home/qrcode/qrcode
[运行时间：0.430000s] [吞吐率：2.33req/s] [内存消耗：2,377.84kb] [文件加载：41]
[ info ] [ LANG ] C:\xampp\htdocs\weice\thinkphp\lang\zh-cn.php
[ info ] [ ROUTE ] array (
  'type' => 'module',
  'module' => 
  array (
    0 => 'home',
    1 => 'qrcode',
    2 => 'qrcode',
  ),
)
[ info ] [ HEADER ] array (
  'user-agent' => 'PostmanRuntime/7.16.3',
  'accept' => '*/*',
  'cache-control' => 'no-cache',
  'postman-token' => '480fe1fd-6e6d-45a7-808e-ca3b0ae6ab83',
  'host' => '110.64.211.77',
  'content-type' => 'multipart/form-data; boundary=--------------------------345056892359238054393626',
  'accept-encoding' => 'gzip, deflate',
  'content-length' => '189',
  'connection' => 'keep-alive',
)
[ info ] [ PARAM ] array (
  'openid' => 'odCXI5crQj3ie9EzDinn7ZJiCkjI',
)
[ info ] [ RUN ] app\home\controller\qrcode->qrcode[ C:\xampp\htdocs\weice\application\home\controller\Qrcode.php ]
[ info ] [ DB ] INIT mysql
[ info ] [ LOG ] INIT File
[ sql ] [ DB ] CONNECT:[ UseTime:0.150000s ] mysql:host=47.93.49.200;dbname=weice;charset=utf8
[ sql ] [ SQL ] SHOW COLUMNS FROM `dy_user` [ RunTime:0.104000s ]
[ sql ] [ SQL ] SELECT `qrcode`,`nickname`,`headimgurl` FROM `dy_user` WHERE  `openid` = 'odCXI5crQj3ie9EzDinn7ZJiCkjI' [ RunTime:0.102000s ]
---------------------------------------------------------------
[ 2019-09-17T10:17:11+08:00 ] 110.64.211.77 POST 110.64.211.77/weice/public/index.php/home/qrcode/qrcode
[运行时间：0.383000s] [吞吐率：2.61req/s] [内存消耗：2,377.84kb] [文件加载：41]
[ info ] [ LANG ] C:\xampp\htdocs\weice\thinkphp\lang\zh-cn.php
[ info ] [ ROUTE ] array (
  'type' => 'module',
  'module' => 
  array (
    0 => 'home',
    1 => 'qrcode',
    2 => 'qrcode',
  ),
)
[ info ] [ HEADER ] array (
  'user-agent' => 'PostmanRuntime/7.16.3',
  'accept' => '*/*',
  'cache-control' => 'no-cache',
  'postman-token' => '1a74ef22-49b0-4c03-80c7-e7a7b3a80567',
  'host' => '110.64.211.77',
  'content-type' => 'multipart/form-data; boundary=--------------------------054085047706738881576752',
  'accept-encoding' => 'gzip, deflate',
  'content-length' => '189',
  'connection' => 'keep-alive',
)
[ info ] [ PARAM ] array (
  'openid' => 'odCXI5crQj3ie9EzDinn7ZJiCkjI',
)
[ info ] [ RUN ] app\home\controller\qrcode->qrcode[ C:\xampp\htdocs\weice\application\home\controller\Qrcode.php ]
[ info ] [ DB ] INIT mysql
[ info ] [ LOG ] INIT File
[ sql ] [ DB ] CONNECT:[ UseTime:0.140000s ] mysql:host=47.93.49.200;dbname=weice;charset=utf8
[ sql ] [ SQL ] SHOW COLUMNS FROM `dy_user` [ RunTime:0.098000s ]
[ sql ] [ SQL ] SELECT `qrcode`,`nickname`,`headimgurl` FROM `dy_user` WHERE  `openid` = 'odCXI5crQj3ie9EzDinn7ZJiCkjI' [ RunTime:0.086000s ]
---------------------------------------------------------------
[ 2019-09-17T10:17:14+08:00 ] 110.64.211.77 POST 110.64.211.77/weice/public/index.php/home/qrcode/qrcode
[运行时间：0.404000s] [吞吐率：2.48req/s] [内存消耗：2,377.84kb] [文件加载：41]
[ info ] [ LANG ] C:\xampp\htdocs\weice\thinkphp\lang\zh-cn.php
[ info ] [ ROUTE ] array (
  'type' => 'module',
  'module' => 
  array (
    0 => 'home',
    1 => 'qrcode',
    2 => 'qrcode',
  ),
)
[ info ] [ HEADER ] array (
  'user-agent' => 'PostmanRuntime/7.16.3',
  'accept' => '*/*',
  'cache-control' => 'no-cache',
  'postman-token' => 'd3452350-1a62-43a0-8517-cedccb9f8882',
  'host' => '110.64.211.77',
  'content-type' => 'multipart/form-data; boundary=--------------------------351521767554068912671904',
  'accept-encoding' => 'gzip, deflate',
  'content-length' => '189',
  'connection' => 'keep-alive',
)
[ info ] [ PARAM ] array (
  'openid' => 'odCXI5crQj3ie9EzDinn7ZJiCkjI',
)
[ info ] [ RUN ] app\home\controller\qrcode->qrcode[ C:\xampp\htdocs\weice\application\home\controller\Qrcode.php ]
[ info ] [ DB ] INIT mysql
[ info ] [ LOG ] INIT File
[ sql ] [ DB ] CONNECT:[ UseTime:0.144000s ] mysql:host=47.93.49.200;dbname=weice;charset=utf8
[ sql ] [ SQL ] SHOW COLUMNS FROM `dy_user` [ RunTime:0.103000s ]
[ sql ] [ SQL ] SELECT `qrcode`,`nickname`,`headimgurl` FROM `dy_user` WHERE  `openid` = 'odCXI5crQj3ie9EzDinn7ZJiCkjI' [ RunTime:0.094000s ]
---------------------------------------------------------------
[ 2019-09-17T10:17:16+08:00 ] 110.64.211.77 POST 110.64.211.77/weice/public/index.php/home/qrcode/qrcode
[运行时间：0.405000s] [吞吐率：2.47req/s] [内存消耗：2,377.84kb] [文件加载：41]
[ info ] [ LANG ] C:\xampp\htdocs\weice\thinkphp\lang\zh-cn.php
[ info ] [ ROUTE ] array (
  'type' => 'module',
  'module' => 
  array (
    0 => 'home',
    1 => 'qrcode',
    2 => 'qrcode',
  ),
)
[ info ] [ HEADER ] array (
  'user-agent' => 'PostmanRuntime/7.16.3',
  'accept' => '*/*',
  'cache-control' => 'no-cache',
  'postman-token' => '9e4971e8-25f5-4a6d-a891-209310ca5159',
  'host' => '110.64.211.77',
  'content-type' => 'multipart/form-data; boundary=--------------------------937413214871042832739809',
  'accept-encoding' => 'gzip, deflate',
  'content-length' => '189',
  'connection' => 'keep-alive',
)
[ info ] [ PARAM ] array (
  'openid' => 'odCXI5crQj3ie9EzDinn7ZJiCkjI',
)
[ info ] [ RUN ] app\home\controller\qrcode->qrcode[ C:\xampp\htdocs\weice\application\home\controller\Qrcode.php ]
[ info ] [ DB ] INIT mysql
[ info ] [ LOG ] INIT File
[ sql ] [ DB ] CONNECT:[ UseTime:0.142000s ] mysql:host=47.93.49.200;dbname=weice;charset=utf8
[ sql ] [ SQL ] SHOW COLUMNS FROM `dy_user` [ RunTime:0.105000s ]
[ sql ] [ SQL ] SELECT `qrcode`,`nickname`,`headimgurl` FROM `dy_user` WHERE  `openid` = 'odCXI5crQj3ie9EzDinn7ZJiCkjI' [ RunTime:0.107000s ]
---------------------------------------------------------------
[ 2019-09-17T10:17:17+08:00 ] 110.64.211.77 POST 110.64.211.77/weice/public/index.php/home/qrcode/qrcode
[运行时间：0.637000s] [吞吐率：1.57req/s] [内存消耗：2,377.84kb] [文件加载：41]
[ info ] [ LANG ] C:\xampp\htdocs\weice\thinkphp\lang\zh-cn.php
[ info ] [ ROUTE ] array (
  'type' => 'module',
  'module' => 
  array (
    0 => 'home',
    1 => 'qrcode',
    2 => 'qrcode',
  ),
)
[ info ] [ HEADER ] array (
  'user-agent' => 'PostmanRuntime/7.16.3',
  'accept' => '*/*',
  'cache-control' => 'no-cache',
  'postman-token' => '0656ad77-fc8f-4175-925e-ca3868ecf2b4',
  'host' => '110.64.211.77',
  'content-type' => 'multipart/form-data; boundary=--------------------------542205633994721204109994',
  'accept-encoding' => 'gzip, deflate',
  'content-length' => '189',
  'connection' => 'keep-alive',
)
[ info ] [ PARAM ] array (
  'openid' => 'odCXI5crQj3ie9EzDinn7ZJiCkjI',
)
[ info ] [ RUN ] app\home\controller\qrcode->qrcode[ C:\xampp\htdocs\weice\application\home\controller\Qrcode.php ]
[ info ] [ DB ] INIT mysql
[ info ] [ LOG ] INIT File
[ sql ] [ DB ] CONNECT:[ UseTime:0.142000s ] mysql:host=47.93.49.200;dbname=weice;charset=utf8
[ sql ] [ SQL ] SHOW COLUMNS FROM `dy_user` [ RunTime:0.343000s ]
[ sql ] [ SQL ] SELECT `qrcode`,`nickname`,`headimgurl` FROM `dy_user` WHERE  `openid` = 'odCXI5crQj3ie9EzDinn7ZJiCkjI' [ RunTime:0.098000s ]
---------------------------------------------------------------
[ 2019-09-17T10:17:19+08:00 ] 110.64.211.77 POST 110.64.211.77/weice/public/index.php/home/qrcode/qrcode
[运行时间：0.392000s] [吞吐率：2.55req/s] [内存消耗：2,377.84kb] [文件加载：41]
[ info ] [ LANG ] C:\xampp\htdocs\weice\thinkphp\lang\zh-cn.php
[ info ] [ ROUTE ] array (
  'type' => 'module',
  'module' => 
  array (
    0 => 'home',
    1 => 'qrcode',
    2 => 'qrcode',
  ),
)
[ info ] [ HEADER ] array (
  'user-agent' => 'PostmanRuntime/7.16.3',
  'accept' => '*/*',
  'cache-control' => 'no-cache',
  'postman-token' => 'cbfb340e-0431-421d-a7ef-ef1dcd43a9cf',
  'host' => '110.64.211.77',
  'content-type' => 'multipart/form-data; boundary=--------------------------918067761714320424026680',
  'accept-encoding' => 'gzip, deflate',
  'content-length' => '189',
  'connection' => 'keep-alive',
)
[ info ] [ PARAM ] array (
  'openid' => 'odCXI5crQj3ie9EzDinn7ZJiCkjI',
)
[ info ] [ RUN ] app\home\controller\qrcode->qrcode[ C:\xampp\htdocs\weice\application\home\controller\Qrcode.php ]
[ info ] [ DB ] INIT mysql
[ info ] [ LOG ] INIT File
[ sql ] [ DB ] CONNECT:[ UseTime:0.138000s ] mysql:host=47.93.49.200;dbname=weice;charset=utf8
[ sql ] [ SQL ] SHOW COLUMNS FROM `dy_user` [ RunTime:0.103000s ]
[ sql ] [ SQL ] SELECT `qrcode`,`nickname`,`headimgurl` FROM `dy_user` WHERE  `openid` = 'odCXI5crQj3ie9EzDinn7ZJiCkjI' [ RunTime:0.101000s ]
---------------------------------------------------------------
[ 2019-09-17T10:17:20+08:00 ] 110.64.211.77 POST 110.64.211.77/weice/public/index.php/home/qrcode/qrcode
[运行时间：0.348000s] [吞吐率：2.87req/s] [内存消耗：2,377.84kb] [文件加载：41]
[ info ] [ LANG ] C:\xampp\htdocs\weice\thinkphp\lang\zh-cn.php
[ info ] [ ROUTE ] array (
  'type' => 'module',
  'module' => 
  array (
    0 => 'home',
    1 => 'qrcode',
    2 => 'qrcode',
  ),
)
[ info ] [ HEADER ] array (
  'user-agent' => 'PostmanRuntime/7.16.3',
  'accept' => '*/*',
  'cache-control' => 'no-cache',
  'postman-token' => '34894f4f-0f89-4784-9386-84cc47630829',
  'host' => '110.64.211.77',
  'content-type' => 'multipart/form-data; boundary=--------------------------621944351359543909547657',
  'accept-encoding' => 'gzip, deflate',
  'content-length' => '189',
  'connection' => 'keep-alive',
)
[ info ] [ PARAM ] array (
  'openid' => 'odCXI5crQj3ie9EzDinn7ZJiCkjI',
)
[ info ] [ RUN ] app\home\controller\qrcode->qrcode[ C:\xampp\htdocs\weice\application\home\controller\Qrcode.php ]
[ info ] [ DB ] INIT mysql
[ info ] [ LOG ] INIT File
[ sql ] [ DB ] CONNECT:[ UseTime:0.126000s ] mysql:host=47.93.49.200;dbname=weice;charset=utf8
[ sql ] [ SQL ] SHOW COLUMNS FROM `dy_user` [ RunTime:0.085000s ]
[ sql ] [ SQL ] SELECT `qrcode`,`nickname`,`headimgurl` FROM `dy_user` WHERE  `openid` = 'odCXI5crQj3ie9EzDinn7ZJiCkjI' [ RunTime:0.086000s ]
---------------------------------------------------------------
[ 2019-09-17T10:17:22+08:00 ] 110.64.211.77 POST 110.64.211.77/weice/public/index.php/home/qrcode/qrcode
[运行时间：0.370000s] [吞吐率：2.70req/s] [内存消耗：2,377.84kb] [文件加载：41]
[ info ] [ LANG ] C:\xampp\htdocs\weice\thinkphp\lang\zh-cn.php
[ info ] [ ROUTE ] array (
  'type' => 'module',
  'module' => 
  array (
    0 => 'home',
    1 => 'qrcode',
    2 => 'qrcode',
  ),
)
[ info ] [ HEADER ] array (
  'user-agent' => 'PostmanRuntime/7.16.3',
  'accept' => '*/*',
  'cache-control' => 'no-cache',
  'postman-token' => 'f28cfa6e-62b2-417e-ac12-3dbaf82e3b68',
  'host' => '110.64.211.77',
  'content-type' => 'multipart/form-data; boundary=--------------------------699007254144047669115070',
  'accept-encoding' => 'gzip, deflate',
  'content-length' => '189',
  'connection' => 'keep-alive',
)
[ info ] [ PARAM ] array (
  'openid' => 'odCXI5crQj3ie9EzDinn7ZJiCkjI',
)
[ info ] [ RUN ] app\home\controller\qrcode->qrcode[ C:\xampp\htdocs\weice\application\home\controller\Qrcode.php ]
[ info ] [ DB ] INIT mysql
[ info ] [ LOG ] INIT File
[ sql ] [ DB ] CONNECT:[ UseTime:0.130000s ] mysql:host=47.93.49.200;dbname=weice;charset=utf8
[ sql ] [ SQL ] SHOW COLUMNS FROM `dy_user` [ RunTime:0.089000s ]
[ sql ] [ SQL ] SELECT `qrcode`,`nickname`,`headimgurl` FROM `dy_user` WHERE  `openid` = 'odCXI5crQj3ie9EzDinn7ZJiCkjI' [ RunTime:0.088000s ]
---------------------------------------------------------------
[ 2019-09-17T10:17:23+08:00 ] 110.64.211.77 POST 110.64.211.77/weice/public/index.php/home/qrcode/qrcode
[运行时间：0.769000s] [吞吐率：1.30req/s] [内存消耗：2,377.84kb] [文件加载：41]
[ info ] [ LANG ] C:\xampp\htdocs\weice\thinkphp\lang\zh-cn.php
[ info ] [ ROUTE ] array (
  'type' => 'module',
  'module' => 
  array (
    0 => 'home',
    1 => 'qrcode',
    2 => 'qrcode',
  ),
)
[ info ] [ HEADER ] array (
  'user-agent' => 'PostmanRuntime/7.16.3',
  'accept' => '*/*',
  'cache-control' => 'no-cache',
  'postman-token' => '3be59160-3afc-4421-8985-7e8457349598',
  'host' => '110.64.211.77',
  'content-type' => 'multipart/form-data; boundary=--------------------------577579084457099329938744',
  'accept-encoding' => 'gzip, deflate',
  'content-length' => '189',
  'connection' => 'keep-alive',
)
[ info ] [ PARAM ] array (
  'openid' => 'odCXI5crQj3ie9EzDinn7ZJiCkjI',
)
[ info ] [ RUN ] app\home\controller\qrcode->qrcode[ C:\xampp\htdocs\weice\application\home\controller\Qrcode.php ]
[ info ] [ DB ] INIT mysql
[ info ] [ LOG ] INIT File
[ sql ] [ DB ] CONNECT:[ UseTime:0.129000s ] mysql:host=47.93.49.200;dbname=weice;charset=utf8
[ sql ] [ SQL ] SHOW COLUMNS FROM `dy_user` [ RunTime:0.089000s ]
[ sql ] [ SQL ] SELECT `qrcode`,`nickname`,`headimgurl` FROM `dy_user` WHERE  `openid` = 'odCXI5crQj3ie9EzDinn7ZJiCkjI' [ RunTime:0.092000s ]
---------------------------------------------------------------
[ 2019-09-17T16:30:43+08:00 ] 110.64.211.50 POST 110.64.211.77/weice/public/index.php/home/qrcode/qrcode
[运行时间：0.597000s] [吞吐率：1.68req/s] [内存消耗：2,378.91kb] [文件加载：41]
[ info ] [ LANG ] C:\xampp\htdocs\weice\thinkphp\lang\zh-cn.php
[ info ] [ ROUTE ] array (
  'type' => 'module',
  'module' => 
  array (
    0 => 'home',
    1 => 'qrcode',
    2 => 'qrcode',
  ),
)
[ info ] [ HEADER ] array (
  'host' => '110.64.211.77',
  'connection' => 'keep-alive',
  'content-length' => '35',
  'pragma' => 'no-cache',
  'cache-control' => 'no-cache',
  'origin' => 'http://127.0.0.1:20927',
  'sec-fetch-user' => '?F',
  'sec-fetch-site' => 'cross-site',
  'sec-fetch-dest' => 'empty',
  'user-agent' => 'Mozilla/5.0 (iPhone; CPU iPhone OS 9_1 like Mac OS X) AppleWebKit/601.1.46 (KHTML, like Gecko) Version/9.0 Mobile/13B143 Safari/601.1 wechatdevtools/1.02.1907300 MicroMessenger/7.0.4 Language/zh_CN webview/',
  'content-type' => 'application/x-www-form-urlencoded',
  'accept' => '*/*',
  'referer' => 'https://servicewechat.com/wx30cbd5bf82ee6334/devtools/page-frame.html',
  'accept-encoding' => 'gzip, deflate',
)
[ info ] [ PARAM ] array (
  'openid' => 'odCXI5crQj3ie9EzDinn7ZJiCkjI',
)
[ info ] [ RUN ] app\home\controller\qrcode->qrcode[ C:\xampp\htdocs\weice\application\home\controller\Qrcode.php ]
[ info ] [ DB ] INIT mysql
[ info ] [ LOG ] INIT File
[ sql ] [ DB ] CONNECT:[ UseTime:0.129000s ] mysql:host=47.93.49.200;dbname=weice;charset=utf8
[ sql ] [ SQL ] SHOW COLUMNS FROM `dy_user` [ RunTime:0.089000s ]
[ sql ] [ SQL ] SELECT `qrcode`,`nickname`,`headimgurl` FROM `dy_user` WHERE  `openid` = 'odCXI5crQj3ie9EzDinn7ZJiCkjI' [ RunTime:0.089000s ]
---------------------------------------------------------------
[ 2019-09-17T16:33:28+08:00 ] 110.64.211.50 POST 110.64.211.77/weice/public/index.php/home/qrcode/qrcode
[运行时间：0.378000s] [吞吐率：2.65req/s] [内存消耗：2,378.91kb] [文件加载：41]
[ info ] [ LANG ] C:\xampp\htdocs\weice\thinkphp\lang\zh-cn.php
[ info ] [ ROUTE ] array (
  'type' => 'module',
  'module' => 
  array (
    0 => 'home',
    1 => 'qrcode',
    2 => 'qrcode',
  ),
)
[ info ] [ HEADER ] array (
  'host' => '110.64.211.77',
  'connection' => 'keep-alive',
  'content-length' => '35',
  'pragma' => 'no-cache',
  'cache-control' => 'no-cache',
  'origin' => 'http://127.0.0.1:20927',
  'sec-fetch-user' => '?F',
  'sec-fetch-site' => 'cross-site',
  'sec-fetch-dest' => 'empty',
  'user-agent' => 'Mozilla/5.0 (iPhone; CPU iPhone OS 9_1 like Mac OS X) AppleWebKit/601.1.46 (KHTML, like Gecko) Version/9.0 Mobile/13B143 Safari/601.1 wechatdevtools/1.02.1907300 MicroMessenger/7.0.4 Language/zh_CN webview/',
  'content-type' => 'application/x-www-form-urlencoded',
  'accept' => '*/*',
  'referer' => 'https://servicewechat.com/wx30cbd5bf82ee6334/devtools/page-frame.html',
  'accept-encoding' => 'gzip, deflate',
)
[ info ] [ PARAM ] array (
  'openid' => 'odCXI5crQj3ie9EzDinn7ZJiCkjI',
)
[ info ] [ RUN ] app\home\controller\qrcode->qrcode[ C:\xampp\htdocs\weice\application\home\controller\Qrcode.php ]
[ info ] [ DB ] INIT mysql
[ info ] [ LOG ] INIT File
[ sql ] [ DB ] CONNECT:[ UseTime:0.126000s ] mysql:host=47.93.49.200;dbname=weice;charset=utf8
[ sql ] [ SQL ] SHOW COLUMNS FROM `dy_user` [ RunTime:0.086000s ]
[ sql ] [ SQL ] SELECT `qrcode`,`nickname`,`headimgurl` FROM `dy_user` WHERE  `openid` = 'odCXI5crQj3ie9EzDinn7ZJiCkjI' [ RunTime:0.086000s ]
---------------------------------------------------------------
[ 2019-09-17T19:55:52+08:00 ] 110.64.211.77 POST 110.64.211.77/weice/public/index.php/home/qrcode/qrcode
[运行时间：2.647000s] [吞吐率：0.38req/s] [内存消耗：2,345.46kb] [文件加载：41]
[ info ] [ LANG ] C:\xampp\htdocs\weice\thinkphp\lang\zh-cn.php
[ info ] [ ROUTE ] array (
  'type' => 'module',
  'module' => 
  array (
    0 => 'home',
    1 => 'qrcode',
    2 => 'qrcode',
  ),
)
[ info ] [ HEADER ] array (
  'user-agent' => 'PostmanRuntime/7.16.3',
  'accept' => '*/*',
  'cache-control' => 'no-cache',
  'postman-token' => 'c9dcdb9b-0190-4bce-8b63-f0fe362f070c',
  'host' => '110.64.211.77',
  'content-type' => 'multipart/form-data; boundary=--------------------------195578679573164794122249',
  'accept-encoding' => 'gzip, deflate',
  'content-length' => '189',
  'connection' => 'keep-alive',
)
[ info ] [ PARAM ] array (
  'openid' => 'odCXI5crQj3ie9EzDinn7ZJiCkjI',
)
[ info ] [ RUN ] app\home\controller\qrcode->qrcode[ C:\xampp\htdocs\weice\application\home\controller\Qrcode.php ]
[ info ] [ DB ] INIT mysql
[ info ] [ LOG ] INIT File
[ sql ] [ DB ] CONNECT:[ UseTime:0.228000s ] mysql:host=47.93.49.200;dbname=weice;charset=utf8
[ sql ] [ SQL ] SHOW COLUMNS FROM `dy_user` [ RunTime:0.083000s ]
[ sql ] [ SQL ] SELECT `qrcode`,`nickname`,`headimgurl` FROM `dy_user` WHERE  `openid` = 'odCXI5crQj3ie9EzDinn7ZJiCkjI' [ RunTime:0.084000s ]
[ sql ] [ SQL ] UPDATE `dy_user`  SET `qrcode`='https://lhtong.cn/weice/public/uploads/qrcode/code-odCXI5crQj3ie9EzDinn7ZJiCkjI1568721352.jpg'  WHERE  `openid` = 'odCXI5crQj3ie9EzDinn7ZJiCkjI' [ RunTime:0.085000s ]
---------------------------------------------------------------
[ 2019-09-17T19:56:41+08:00 ] 110.64.211.77 POST 110.64.211.77/weice/public/index.php/home/qrcode/qrcode
[运行时间：0.359000s] [吞吐率：2.79req/s] [内存消耗：2,377.59kb] [文件加载：41]
[ info ] [ LANG ] C:\xampp\htdocs\weice\thinkphp\lang\zh-cn.php
[ info ] [ ROUTE ] array (
  'type' => 'module',
  'module' => 
  array (
    0 => 'home',
    1 => 'qrcode',
    2 => 'qrcode',
  ),
)
[ info ] [ HEADER ] array (
  'user-agent' => 'PostmanRuntime/7.16.3',
  'accept' => '*/*',
  'cache-control' => 'no-cache',
  'postman-token' => '8221ed2b-5ec4-4e79-aada-a9e86fac3181',
  'host' => '110.64.211.77',
  'content-type' => 'multipart/form-data; boundary=--------------------------390195505751663759383615',
  'accept-encoding' => 'gzip, deflate',
  'content-length' => '189',
  'connection' => 'keep-alive',
)
[ info ] [ PARAM ] array (
  'openid' => 'odCXI5crQj3ie9EzDinn7ZJiCkjI',
)
[ info ] [ RUN ] app\home\controller\qrcode->qrcode[ C:\xampp\htdocs\weice\application\home\controller\Qrcode.php ]
[ info ] [ DB ] INIT mysql
[ info ] [ LOG ] INIT File
[ sql ] [ DB ] CONNECT:[ UseTime:0.126000s ] mysql:host=47.93.49.200;dbname=weice;charset=utf8
[ sql ] [ SQL ] SHOW COLUMNS FROM `dy_user` [ RunTime:0.086000s ]
[ sql ] [ SQL ] SELECT `qrcode`,`nickname`,`headimgurl` FROM `dy_user` WHERE  `openid` = 'odCXI5crQj3ie9EzDinn7ZJiCkjI' [ RunTime:0.088000s ]
---------------------------------------------------------------
[ 2019-09-17T19:57:31+08:00 ] 110.64.211.77 POST 110.64.211.77/weice/public/index.php/home/qrcode/qrcode
[运行时间：1.194000s] [吞吐率：0.84req/s] [内存消耗：2,345.74kb] [文件加载：41]
[ info ] [ LANG ] C:\xampp\htdocs\weice\thinkphp\lang\zh-cn.php
[ info ] [ ROUTE ] array (
  'type' => 'module',
  'module' => 
  array (
    0 => 'home',
    1 => 'qrcode',
    2 => 'qrcode',
  ),
)
[ info ] [ HEADER ] array (
  'user-agent' => 'PostmanRuntime/7.16.3',
  'accept' => '*/*',
  'cache-control' => 'no-cache',
  'postman-token' => '0ed53294-657a-4b07-a3e7-410e116c9857',
  'host' => '110.64.211.77',
  'content-type' => 'multipart/form-data; boundary=--------------------------704175465033033973487791',
  'accept-encoding' => 'gzip, deflate',
  'content-length' => '189',
  'connection' => 'keep-alive',
)
[ info ] [ PARAM ] array (
  'openid' => 'odCXI5crQj3ie9EzDinn7ZJiCkjI',
)
[ info ] [ RUN ] app\home\controller\qrcode->qrcode[ C:\xampp\htdocs\weice\application\home\controller\Qrcode.php ]
[ info ] [ DB ] INIT mysql
[ info ] [ LOG ] INIT File
[ sql ] [ DB ] CONNECT:[ UseTime:0.126000s ] mysql:host=47.93.49.200;dbname=weice;charset=utf8
[ sql ] [ SQL ] SHOW COLUMNS FROM `dy_user` [ RunTime:0.087000s ]
[ sql ] [ SQL ] SELECT `qrcode`,`nickname`,`headimgurl` FROM `dy_user` WHERE  `openid` = 'odCXI5crQj3ie9EzDinn7ZJiCkjI' [ RunTime:0.087000s ]
[ sql ] [ SQL ] UPDATE `dy_user`  SET `qrcode`='https://lhtong.cn/weice/public/uploads/qrcode/code-odCXI5crQj3ie9EzDinn7ZJiCkjI1568721451.jpg'  WHERE  `openid` = 'odCXI5crQj3ie9EzDinn7ZJiCkjI' [ RunTime:0.086000s ]
