---------------------------------------------------------------
[ 2019-10-12T14:30:37+08:00 ] 127.0.0.1 GET www.weice.com/
[运行时间：0.349000s] [吞吐率：2.87req/s] [内存消耗：1,570.91kb] [文件加载：37]
[ info ] [ LANG ] C:\xampp\htdocs\weice\thinkphp\lang\zh-cn.php
[ info ] [ ROUTE ] array (
  'type' => 'module',
  'module' => 
  array (
    0 => '',
    1 => NULL,
    2 => NULL,
  ),
)
[ info ] [ HEADER ] array (
  'host' => 'www.weice.com',
  'connection' => 'keep-alive',
  'upgrade-insecure-requests' => '1',
  'user-agent' => 'Mozilla/5.0 (Windows NT 6.1; Win64; x64) AppleWebKit/537.36 (KHTML, like Gecko) Chrome/77.0.3865.120 Safari/537.36',
  'accept' => 'text/html,application/xhtml+xml,application/xml;q=0.9,image/webp,image/apng,*/*;q=0.8,application/signed-exchange;v=b3',
  'accept-encoding' => 'gzip, deflate',
  'accept-language' => 'zh-CN,zh;q=0.9',
)
[ info ] [ PARAM ] array (
)
[ info ] [ LOG ] INIT File
---------------------------------------------------------------
[ 2019-10-12T14:30:43+08:00 ] 127.0.0.1 GET www.weice.com/admin
[运行时间：0.041000s] [吞吐率：24.39req/s] [内存消耗：1,161.02kb] [文件加载：31]
[ info ] [ LANG ] C:\xampp\htdocs\weice\thinkphp\lang\zh-cn.php
[ info ] [ ROUTE ] array (
  'type' => 'module',
  'module' => 
  array (
    0 => 'admin',
    1 => NULL,
    2 => NULL,
  ),
)
[ info ] [ HEADER ] array (
  'host' => 'www.weice.com',
  'connection' => 'keep-alive',
  'upgrade-insecure-requests' => '1',
  'user-agent' => 'Mozilla/5.0 (Windows NT 6.1; Win64; x64) AppleWebKit/537.36 (KHTML, like Gecko) Chrome/77.0.3865.120 Safari/537.36',
  'accept' => 'text/html,application/xhtml+xml,application/xml;q=0.9,image/webp,image/apng,*/*;q=0.8,application/signed-exchange;v=b3',
  'accept-encoding' => 'gzip, deflate',
  'accept-language' => 'zh-CN,zh;q=0.9',
  'cookie' => 'SL_GWPT_Show_Hide_tmp=1; SL_wptGlobTipTmp=1',
)
[ info ] [ PARAM ] array (
)
[ info ] [ LOG ] INIT File
[ error ] [8]Use of undefined constant SITE_URL - assumed 'SITE_URL'[C:\xampp\htdocs\weice\application\admin\config.php:6]
---------------------------------------------------------------
[ 2019-10-12T14:30:56+08:00 ] 0.0.0.0 GET localhost/weice/public/admin/index
[运行时间：0.014000s] [吞吐率：71.43req/s] [内存消耗：1,162.91kb] [文件加载：31]
[ info ] [ LANG ] C:\xampp\htdocs\weice\thinkphp\lang\zh-cn.php
[ info ] [ ROUTE ] array (
  'type' => 'module',
  'module' => 
  array (
    0 => 'admin',
    1 => 'index',
    2 => NULL,
  ),
)
[ info ] [ HEADER ] array (
  'host' => 'localhost',
  'connection' => 'keep-alive',
  'upgrade-insecure-requests' => '1',
  'user-agent' => 'Mozilla/5.0 (Windows NT 6.1; Win64; x64) AppleWebKit/537.36 (KHTML, like Gecko) Chrome/77.0.3865.120 Safari/537.36',
  'sec-fetch-mode' => 'navigate',
  'sec-fetch-user' => '?1',
  'accept' => 'text/html,application/xhtml+xml,application/xml;q=0.9,image/webp,image/apng,*/*;q=0.8,application/signed-exchange;v=b3',
  'sec-fetch-site' => 'none',
  'accept-encoding' => 'gzip, deflate, br',
  'accept-language' => 'zh-CN,zh;q=0.9',
  'cookie' => 'Hm_lvt_4cc1f2d8f3067386cc5cdb626a202900=1569416724; Phpstorm-16c8fc58=6d5b542c-55c9-4fd8-9fe8-90302ffee2fb; PHPSESSID=pqokhvbds2m9lcpjkk23g9klv6; SL_G_WPT_TO=zh-CN; SL_GWPT_Show_Hide_tmp=undefined; SL_wptGlobTipTmp=undefined; Hm_lvt_b393d153aeb26b46e9431fabaf0f6190=1570501909,1570677799,1570757685,1570790487; Hm_lpvt_b393d153aeb26b46e9431fabaf0f6190=1570846191',
)
[ info ] [ PARAM ] array (
)
[ info ] [ LOG ] INIT File
[ error ] [8]Use of undefined constant SITE_URL - assumed 'SITE_URL'[C:\xampp\htdocs\weice\application\admin\config.php:6]
---------------------------------------------------------------
[ 2019-10-12T14:59:02+08:00 ] 0.0.0.0 POST localhost/weice/public/index.php/home/upload/index
[运行时间：0.054000s] [吞吐率：18.52req/s] [内存消耗：1,713.70kb] [文件加载：39]
[ info ] [ LANG ] C:\xampp\htdocs\weice\thinkphp\lang\zh-cn.php
[ info ] [ ROUTE ] array (
  'type' => 'module',
  'module' => 
  array (
    0 => 'home',
    1 => 'upload',
    2 => 'index',
  ),
)
[ info ] [ HEADER ] array (
  'user-agent' => 'PostmanRuntime/7.18.0',
  'accept' => '*/*',
  'cache-control' => 'no-cache',
  'postman-token' => '7425b972-9c12-4f26-8b28-18ff71a565af',
  'host' => 'localhost',
  'content-type' => 'multipart/form-data; boundary=--------------------------719437076073092331259715',
  'accept-encoding' => 'gzip, deflate',
  'content-length' => '20460',
  'connection' => 'keep-alive',
)
[ info ] [ PARAM ] array (
  'openid' => '11',
  'describes' => 'vb',
  'idx_tabs' => '1',
  'albumid' => '1',
)
[ info ] [ RUN ] app\home\controller\Upload->index[ C:\xampp\htdocs\weice\application\home\controller\Upload.php ]
[ info ] [ LOG ] INIT File
[ error ] [0]Failed to create image resources![C:\xampp\htdocs\weice\thinkphp\library\think\Image.php:86]
