---------------------------------------------------------------
[ 2019-08-03T17:44:16+08:00 ] 0.0.0.0 GET localhost/weice/public/upload/20190803/2e9ad1e84690e45f25fc6de1060ea89e.docx
[运行时间：0.893700s] [吞吐率：1.12req/s] [内存消耗：971.77kb] [文件加载：29]
[ info ] [ LANG ] C:\xampp\htdocs\weice\thinkphp\lang\zh-cn.php
[ info ] [ ROUTE ] array (
  'type' => 'module',
  'module' => 
  array (
    0 => 'upload',
    1 => '20190803',
    2 => '2e9ad1e84690e45f25fc6de1060ea89e.docx',
  ),
)
[ info ] [ HEADER ] array (
  'host' => 'localhost',
  'connection' => 'keep-alive',
  'upgrade-insecure-requests' => '1',
  'user-agent' => 'Mozilla/5.0 (Windows NT 10.0; Win64; x64) AppleWebKit/537.36 (KHTML, like Gecko) Chrome/76.0.3809.87 Safari/537.36',
  'sec-fetch-mode' => 'navigate',
  'sec-fetch-user' => '?1',
  'accept' => 'text/html,application/xhtml+xml,application/xml;q=0.9,image/webp,image/apng,*/*;q=0.8,application/signed-exchange;v=b3',
  'sec-fetch-site' => 'none',
  'accept-encoding' => 'gzip, deflate, br',
  'accept-language' => 'zh-CN,zh;q=0.9',
)
[ info ] [ PARAM ] array (
)
[ info ] [ LOG ] INIT File
