---------------------------------------------------------------
[ 2019-08-12T00:09:35+08:00 ] 0.0.0.0 POST localhost/weice/public/home/pic/index
[运行时间：1.065994s] [吞吐率：0.94req/s] [内存消耗：1,281.70kb] [文件加载：36]
[ info ] [ LANG ] C:\xampp\htdocs\weice\thinkphp\lang\zh-cn.php
[ info ] [ ROUTE ] array (
  'type' => 'module',
  'module' => 
  array (
    0 => 'home',
    1 => 'pic',
    2 => 'index',
  ),
)
[ info ] [ HEADER ] array (
  'cache-control' => 'no-cache',
  'postman-token' => '49b95a79-3ddb-4458-9255-2fba388e80be',
  'user-agent' => 'PostmanRuntime/6.1.6',
  'accept' => '*/*',
  'host' => 'localhost',
  'accept-encoding' => 'gzip, deflate',
  'content-type' => 'multipart/form-data; boundary=--------------------------120230279036557970213903',
  'content-length' => '163',
  'connection' => 'keep-alive',
)
[ info ] [ PARAM ] array (
  'openid' => '11',
)
[ info ] [ RUN ] app\home\controller\Pic->index[ C:\xampp\htdocs\weice\application\home\controller\Pic.php ]
[ info ] [ LOG ] INIT File
[ error ] [0]致命错误: Class 'app\home\controller\Db' not found[C:\xampp\htdocs\weice\application\home\controller\Pic.php:21]
---------------------------------------------------------------
[ 2019-08-12T00:10:04+08:00 ] 0.0.0.0 POST localhost/weice/public/home/pic/index
[运行时间：1.965008s] [吞吐率：0.51req/s] [内存消耗：2,013.55kb] [文件加载：45]
[ info ] [ LANG ] C:\xampp\htdocs\weice\thinkphp\lang\zh-cn.php
[ info ] [ ROUTE ] array (
  'type' => 'module',
  'module' => 
  array (
    0 => 'home',
    1 => 'pic',
    2 => 'index',
  ),
)
[ info ] [ HEADER ] array (
  'cache-control' => 'no-cache',
  'postman-token' => 'cc84f882-834c-47b4-bf40-809aba1b61d3',
  'user-agent' => 'PostmanRuntime/6.1.6',
  'accept' => '*/*',
  'host' => 'localhost',
  'accept-encoding' => 'gzip, deflate',
  'content-type' => 'multipart/form-data; boundary=--------------------------635474778087118759121861',
  'content-length' => '163',
  'connection' => 'keep-alive',
)
[ info ] [ PARAM ] array (
  'openid' => '11',
)
[ info ] [ RUN ] app\home\controller\Pic->index[ C:\xampp\htdocs\weice\application\home\controller\Pic.php ]
[ info ] [ DB ] INIT mysql
[ info ] [ LOG ] INIT File
[ sql ] [ DB ] CONNECT:[ UseTime:0.927016s ] mysql:host=103.126.100.17;dbname=weice;charset=utf8
[ sql ] [ SQL ] SHOW COLUMNS FROM `dy_route` [ RunTime:0.410632s ]
[ error ] [10501]SQLSTATE[42S22]: Column not found: 1054 Unknown column 'times' in 'where clause'[C:\xampp\htdocs\weice\thinkphp\library\think\db\Connection.php:385]
---------------------------------------------------------------
[ 2019-08-12T00:11:13+08:00 ] 0.0.0.0 POST localhost/weice/public/home/pic/index
[运行时间：12.617526s] [吞吐率：0.08req/s] [内存消耗：1,980.40kb] [文件加载：40]
[ info ] [ LANG ] C:\xampp\htdocs\weice\thinkphp\lang\zh-cn.php
[ info ] [ ROUTE ] array (
  'type' => 'module',
  'module' => 
  array (
    0 => 'home',
    1 => 'pic',
    2 => 'index',
  ),
)
[ info ] [ HEADER ] array (
  'cache-control' => 'no-cache',
  'postman-token' => 'abbefc40-2ed0-44e4-abee-30068fe0df48',
  'user-agent' => 'PostmanRuntime/6.1.6',
  'accept' => '*/*',
  'host' => 'localhost',
  'accept-encoding' => 'gzip, deflate',
  'content-type' => 'multipart/form-data; boundary=--------------------------359819441059252393640311',
  'content-length' => '163',
  'connection' => 'keep-alive',
)
[ info ] [ PARAM ] array (
  'openid' => '11',
)
[ info ] [ RUN ] app\home\controller\Pic->index[ C:\xampp\htdocs\weice\application\home\controller\Pic.php ]
[ info ] [ DB ] INIT mysql
[ info ] [ LOG ] INIT File
[ sql ] [ DB ] CONNECT:[ UseTime:11.705409s ] mysql:host=103.126.100.17;dbname=weice;charset=utf8
[ sql ] [ SQL ] SHOW COLUMNS FROM `dy_route` [ RunTime:0.403874s ]
[ sql ] [ SQL ] SELECT `route`,`thumb_route` FROM `dy_route` `r` INNER JOIN `dy_dynamic` `d` ON `d`.`idx_dynamic`=`r`.`route_dy_id` WHERE  `r`.`create_time` BETWEEN '2019-08-12 00:00:00' AND '2019-08-19 00:00:00'  AND `openid` = '11' [ RunTime:0.383181s ]
---------------------------------------------------------------
[ 2019-08-12T00:12:20+08:00 ] 0.0.0.0 POST localhost/weice/public/home/pic/index
[运行时间：2.133569s] [吞吐率：0.47req/s] [内存消耗：1,982.19kb] [文件加载：41]
[ info ] [ LANG ] C:\xampp\htdocs\weice\thinkphp\lang\zh-cn.php
[ info ] [ ROUTE ] array (
  'type' => 'module',
  'module' => 
  array (
    0 => 'home',
    1 => 'pic',
    2 => 'index',
  ),
)
[ info ] [ HEADER ] array (
  'cache-control' => 'no-cache',
  'postman-token' => '1228d00b-ce8a-4d5b-9676-776a4272f9c1',
  'user-agent' => 'PostmanRuntime/6.1.6',
  'accept' => '*/*',
  'host' => 'localhost',
  'accept-encoding' => 'gzip, deflate',
  'content-type' => 'multipart/form-data; boundary=--------------------------277979814155084991837865',
  'content-length' => '163',
  'connection' => 'keep-alive',
)
[ info ] [ PARAM ] array (
  'openid' => '11',
)
[ info ] [ RUN ] app\home\controller\Pic->index[ C:\xampp\htdocs\weice\application\home\controller\Pic.php ]
[ info ] [ DB ] INIT mysql
[ info ] [ LOG ] INIT File
[ sql ] [ DB ] CONNECT:[ UseTime:1.043714s ] mysql:host=103.126.100.17;dbname=weice;charset=utf8
[ sql ] [ SQL ] SHOW COLUMNS FROM `dy_route` [ RunTime:0.613432s ]
[ sql ] [ SQL ] SELECT `route`,`thumb_route` FROM `dy_route` `r` INNER JOIN `dy_dynamic` `d` ON `d`.`idx_dynamic`=`r`.`route_dy_id` WHERE  `r`.`create_time` BETWEEN '2019-08-12 00:00:00' AND '2019-08-13 00:00:00'  AND `openid` = '11' [ RunTime:0.386626s ]
---------------------------------------------------------------
[ 2019-08-12T00:13:00+08:00 ] 0.0.0.0 POST localhost/weice/public/home/pic/index
[运行时间：1.972188s] [吞吐率：0.51req/s] [内存消耗：1,983.00kb] [文件加载：41]
[ info ] [ LANG ] C:\xampp\htdocs\weice\thinkphp\lang\zh-cn.php
[ info ] [ ROUTE ] array (
  'type' => 'module',
  'module' => 
  array (
    0 => 'home',
    1 => 'pic',
    2 => 'index',
  ),
)
[ info ] [ HEADER ] array (
  'cache-control' => 'no-cache',
  'postman-token' => '00e5ae9b-3e3f-464d-a5ca-be0c4bfbd5be',
  'user-agent' => 'PostmanRuntime/6.1.6',
  'accept' => '*/*',
  'host' => 'localhost',
  'accept-encoding' => 'gzip, deflate',
  'content-type' => 'multipart/form-data; boundary=--------------------------366238496401925183607247',
  'content-length' => '163',
  'connection' => 'keep-alive',
)
[ info ] [ PARAM ] array (
  'openid' => '11',
)
[ info ] [ RUN ] app\home\controller\Pic->index[ C:\xampp\htdocs\weice\application\home\controller\Pic.php ]
[ info ] [ DB ] INIT mysql
[ info ] [ LOG ] INIT File
[ sql ] [ DB ] CONNECT:[ UseTime:0.859411s ] mysql:host=103.126.100.17;dbname=weice;charset=utf8
[ sql ] [ SQL ] SHOW COLUMNS FROM `dy_route` [ RunTime:0.602636s ]
[ sql ] [ SQL ] SELECT `route`,`thumb_route` FROM `dy_route` `r` INNER JOIN `dy_dynamic` `d` ON `d`.`idx_dynamic`=`r`.`route_dy_id` WHERE  `r`.`create_time` BETWEEN '2019-08-11 00:00:00' AND '2019-08-12 00:00:00'  AND `openid` = '11' [ RunTime:0.460846s ]
---------------------------------------------------------------
[ 2019-08-12T00:16:08+08:00 ] 0.0.0.0 POST localhost/weice/public/home/pic/index
[运行时间：13.636536s] [吞吐率：0.07req/s] [内存消耗：1,982.19kb] [文件加载：41]
[ info ] [ LANG ] C:\xampp\htdocs\weice\thinkphp\lang\zh-cn.php
[ info ] [ ROUTE ] array (
  'type' => 'module',
  'module' => 
  array (
    0 => 'home',
    1 => 'pic',
    2 => 'index',
  ),
)
[ info ] [ HEADER ] array (
  'cache-control' => 'no-cache',
  'postman-token' => 'c32edaed-f41b-4a0b-96a8-fe22aa6b750e',
  'user-agent' => 'PostmanRuntime/6.1.6',
  'accept' => '*/*',
  'host' => 'localhost',
  'accept-encoding' => 'gzip, deflate',
  'content-type' => 'multipart/form-data; boundary=--------------------------931462494628960762379432',
  'content-length' => '163',
  'connection' => 'keep-alive',
)
[ info ] [ PARAM ] array (
  'openid' => '11',
)
[ info ] [ RUN ] app\home\controller\Pic->index[ C:\xampp\htdocs\weice\application\home\controller\Pic.php ]
[ info ] [ DB ] INIT mysql
[ info ] [ LOG ] INIT File
[ sql ] [ DB ] CONNECT:[ UseTime:11.842835s ] mysql:host=103.126.100.17;dbname=weice;charset=utf8
[ sql ] [ SQL ] SHOW COLUMNS FROM `dy_route` [ RunTime:1.116166s ]
[ sql ] [ SQL ] SELECT `route`,`thumb_route` FROM `dy_route` `r` INNER JOIN `dy_dynamic` `d` ON `d`.`idx_dynamic`=`r`.`route_dy_id` WHERE  `r`.`create_time` BETWEEN '2019-08-12 00:00:00' AND '2019-08-19 00:00:00'  AND `openid` = '11' [ RunTime:0.635443s ]
---------------------------------------------------------------
[ 2019-08-12T00:17:02+08:00 ] 0.0.0.0 POST localhost/weice/public/home/pic/index
[运行时间：2.244788s] [吞吐率：0.45req/s] [内存消耗：1,982.19kb] [文件加载：41]
[ info ] [ LANG ] C:\xampp\htdocs\weice\thinkphp\lang\zh-cn.php
[ info ] [ ROUTE ] array (
  'type' => 'module',
  'module' => 
  array (
    0 => 'home',
    1 => 'pic',
    2 => 'index',
  ),
)
[ info ] [ HEADER ] array (
  'cache-control' => 'no-cache',
  'postman-token' => 'e44140f2-9cd4-4147-bd64-c704f5c7c66a',
  'user-agent' => 'PostmanRuntime/6.1.6',
  'accept' => '*/*',
  'host' => 'localhost',
  'accept-encoding' => 'gzip, deflate',
  'content-type' => 'multipart/form-data; boundary=--------------------------091521539067099314949562',
  'content-length' => '163',
  'connection' => 'keep-alive',
)
[ info ] [ PARAM ] array (
  'openid' => '11',
)
[ info ] [ RUN ] app\home\controller\Pic->index[ C:\xampp\htdocs\weice\application\home\controller\Pic.php ]
[ info ] [ DB ] INIT mysql
[ info ] [ LOG ] INIT File
[ sql ] [ DB ] CONNECT:[ UseTime:0.587474s ] mysql:host=103.126.100.17;dbname=weice;charset=utf8
[ sql ] [ SQL ] SHOW COLUMNS FROM `dy_route` [ RunTime:1.064818s ]
[ sql ] [ SQL ] SELECT `route`,`thumb_route` FROM `dy_route` `r` INNER JOIN `dy_dynamic` `d` ON `d`.`idx_dynamic`=`r`.`route_dy_id` WHERE  `r`.`create_time` BETWEEN '2019-08-12 00:00:00' AND '2019-08-19 00:00:00'  AND `openid` = '11' [ RunTime:0.546701s ]
---------------------------------------------------------------
[ 2019-08-12T00:17:33+08:00 ] 0.0.0.0 POST localhost/weice/public/home/pic/index
[运行时间：3.359026s] [吞吐率：0.30req/s] [内存消耗：1,983.84kb] [文件加载：41]
[ info ] [ LANG ] C:\xampp\htdocs\weice\thinkphp\lang\zh-cn.php
[ info ] [ ROUTE ] array (
  'type' => 'module',
  'module' => 
  array (
    0 => 'home',
    1 => 'pic',
    2 => 'index',
  ),
)
[ info ] [ HEADER ] array (
  'cache-control' => 'no-cache',
  'postman-token' => '89f1206d-e2b9-4b3b-826a-1af8acfd00c1',
  'user-agent' => 'PostmanRuntime/6.1.6',
  'accept' => '*/*',
  'host' => 'localhost',
  'accept-encoding' => 'gzip, deflate',
  'content-type' => 'multipart/form-data; boundary=--------------------------681850800327098618513315',
  'content-length' => '163',
  'connection' => 'keep-alive',
)
[ info ] [ PARAM ] array (
  'openid' => '11',
)
[ info ] [ RUN ] app\home\controller\Pic->index[ C:\xampp\htdocs\weice\application\home\controller\Pic.php ]
[ info ] [ DB ] INIT mysql
[ info ] [ LOG ] INIT File
[ sql ] [ DB ] CONNECT:[ UseTime:1.736533s ] mysql:host=103.126.100.17;dbname=weice;charset=utf8
[ sql ] [ SQL ] SHOW COLUMNS FROM `dy_route` [ RunTime:0.508624s ]
[ sql ] [ SQL ] SELECT `route`,`thumb_route` FROM `dy_route` `r` INNER JOIN `dy_dynamic` `d` ON `d`.`idx_dynamic`=`r`.`route_dy_id` WHERE  `r`.`create_time` BETWEEN '2019-08-05 00:00:00' AND '2019-08-12 00:00:00'  AND `openid` = '11' [ RunTime:1.069104s ]
---------------------------------------------------------------
[ 2019-08-12T00:18:20+08:00 ] 0.0.0.0 POST localhost/weice/public/home/pic/index
[运行时间：3.462285s] [吞吐率：0.29req/s] [内存消耗：1,983.84kb] [文件加载：41]
[ info ] [ LANG ] C:\xampp\htdocs\weice\thinkphp\lang\zh-cn.php
[ info ] [ ROUTE ] array (
  'type' => 'module',
  'module' => 
  array (
    0 => 'home',
    1 => 'pic',
    2 => 'index',
  ),
)
[ info ] [ HEADER ] array (
  'cache-control' => 'no-cache',
  'postman-token' => 'bb1def04-42b1-40a2-83cb-10d83154cf00',
  'user-agent' => 'PostmanRuntime/6.1.6',
  'accept' => '*/*',
  'host' => 'localhost',
  'accept-encoding' => 'gzip, deflate',
  'content-type' => 'multipart/form-data; boundary=--------------------------354933929675988201531819',
  'content-length' => '163',
  'connection' => 'keep-alive',
)
[ info ] [ PARAM ] array (
  'openid' => '11',
)
[ info ] [ RUN ] app\home\controller\Pic->index[ C:\xampp\htdocs\weice\application\home\controller\Pic.php ]
[ info ] [ DB ] INIT mysql
[ info ] [ LOG ] INIT File
[ sql ] [ DB ] CONNECT:[ UseTime:0.858684s ] mysql:host=103.126.100.17;dbname=weice;charset=utf8
[ sql ] [ SQL ] SHOW COLUMNS FROM `dy_route` [ RunTime:0.521796s ]
[ sql ] [ SQL ] SELECT `route`,`thumb_route` FROM `dy_route` `r` INNER JOIN `dy_dynamic` `d` ON `d`.`idx_dynamic`=`r`.`route_dy_id` WHERE  `r`.`create_time` BETWEEN '2019-08-01 00:00:00' AND '2019-09-01 00:00:00'  AND `openid` = '11' [ RunTime:2.036029s ]
