---------------------------------------------------------------
[ 2019-08-17T23:29:35+08:00 ] 223.104.1.127 POST weicess.com/weice/public/index.php/index/index/show
[运行时间：0.093750s] [吞吐率：10.67req/s] [内存消耗：1,134.77kb] [文件加载：37]
[ info ] [ LANG ] E:\web\hesj84h8\wwwroot\weice\thinkphp\lang\zh-cn.php
[ info ] [ ROUTE ] array (
  'type' => 'module',
  'module' => 
  array (
    0 => 'index',
    1 => 'index',
    2 => 'show',
  ),
)
[ info ] [ HEADER ] array (
  'content-type' => 'multipart/form-data; boundary=--------------------------976083734300777505668825',
  'content-length' => '163',
  'postman-token' => 'cd79ab1d-c487-4661-aba4-3e396222dcf4',
  'user-agent' => 'PostmanRuntime/6.1.6',
  'host' => 'weicess.com',
  'accept-encoding' => 'gzip, deflate',
  'accept' => '*/*',
  'connection' => 'keep-alive',
  'cache-control' => 'no-cache',
)
[ info ] [ PARAM ] array (
  'openid' => '11',
)
[ info ] [ RUN ] app\index\controller\Index->show[ E:\web\hesj84h8\wwwroot\weice\application\index\controller\Index.php ]
[ info ] [ LOG ] INIT File
[ error ] [8]未定义数组索引: openid[E:\web\hesj84h8\wwwroot\weice\application\index\controller\Index.php:21]
---------------------------------------------------------------
[ 2019-08-17T23:30:00+08:00 ] 223.104.1.127 POST weicess.com/weice/public/index.php/index/index/show
[运行时间：0.156250s] [吞吐率：6.40req/s] [内存消耗：1,134.02kb] [文件加载：37]
[ info ] [ LANG ] E:\web\hesj84h8\wwwroot\weice\thinkphp\lang\zh-cn.php
[ info ] [ ROUTE ] array (
  'type' => 'module',
  'module' => 
  array (
    0 => 'index',
    1 => 'index',
    2 => 'show',
  ),
)
[ info ] [ HEADER ] array (
  'content-type' => 'application/x-www-form-urlencoded',
  'content-length' => '9',
  'postman-token' => 'c88097e9-ab28-42b7-b537-466c0d7933bb',
  'user-agent' => 'PostmanRuntime/6.1.6',
  'host' => 'weicess.com',
  'accept-encoding' => 'gzip, deflate',
  'accept' => '*/*',
  'connection' => 'keep-alive',
  'cache-control' => 'no-cache',
)
[ info ] [ PARAM ] array (
  'openid' => '11',
)
[ info ] [ RUN ] app\index\controller\Index->show[ E:\web\hesj84h8\wwwroot\weice\application\index\controller\Index.php ]
[ info ] [ LOG ] INIT File
[ error ] [8]未定义数组索引: openid[E:\web\hesj84h8\wwwroot\weice\application\index\controller\Index.php:21]
---------------------------------------------------------------
[ 2019-08-17T23:31:39+08:00 ] 223.104.1.127 GET weicess.com/weice/public/index.php/index/index/show?openid=11
[运行时间：1.078125s] [吞吐率：0.93req/s] [内存消耗：1,716.35kb] [文件加载：40]
[ info ] [ LANG ] E:\web\hesj84h8\wwwroot\weice\thinkphp\lang\zh-cn.php
[ info ] [ ROUTE ] array (
  'type' => 'module',
  'module' => 
  array (
    0 => 'index',
    1 => 'index',
    2 => 'show',
  ),
)
[ info ] [ HEADER ] array (
  'content-type' => 'application/x-www-form-urlencoded',
  'content-length' => '0',
  'postman-token' => 'eefa52e8-677b-4421-b047-784fa8656d32',
  'user-agent' => 'PostmanRuntime/6.1.6',
  'host' => 'weicess.com',
  'accept-encoding' => 'gzip, deflate',
  'accept' => '*/*',
  'connection' => 'keep-alive',
  'cache-control' => 'no-cache',
)
[ info ] [ PARAM ] array (
  'openid' => '11',
)
[ info ] [ RUN ] app\index\controller\Index->show[ E:\web\hesj84h8\wwwroot\weice\application\index\controller\Index.php ]
[ info ] [ DB ] INIT mysql
[ info ] [ LOG ] INIT File
[ sql ] [ DB ] CONNECT:[ UseTime:0.015625s ] mysql:host=103.126.100.17;dbname=weice;charset=utf8
[ sql ] [ SQL ] SHOW COLUMNS FROM `dy_user` [ RunTime:0.015625s ]
[ sql ] [ SQL ] SELECT `f`.`fr_openid` FROM `dy_user` `u` INNER JOIN `dy_friend` `f` ON `u`.`openid`=`f`.`openid` WHERE  `u`.`openid` = '11' [ RunTime:0.890625s ]
[ sql ] [ SQL ] SELECT `r`.`route_dy_id` FROM `dy_user` `u` INNER JOIN `dy_dynamic` `d` ON `u`.`openid`=`d`.`openid` INNER JOIN `dy_route` `r` ON `d`.`idx_dynamic`=`r`.`route_dy_id` WHERE  `u`.`openid` = '11' GROUP BY `r`.`route_dy_id` ORDER BY `r`.`create_time` DESC [ RunTime:0.000000s ]
[ sql ] [ SQL ] SELECT `f`.`fr_openid` FROM `dy_user` `u` INNER JOIN `dy_friend` `f` ON `u`.`openid`=`f`.`openid` WHERE  `u`.`openid` = '11' [ RunTime:0.000000s ]
[ sql ] [ SQL ] SELECT `r`.`route_dy_id`,`d`.`describes`,`r`.`create_time` FROM `dy_user` `u` INNER JOIN `dy_dynamic` `d` ON `u`.`openid`=`d`.`openid` INNER JOIN `dy_route` `r` ON `d`.`idx_dynamic`=`r`.`route_dy_id` WHERE  `u`.`openid` = '11' GROUP BY `r`.`route_dy_id` ORDER BY `r`.`create_time` DESC [ RunTime:0.000000s ]
[ sql ] [ SQL ] SELECT `f`.`fr_openid` FROM `dy_user` `u` INNER JOIN `dy_friend` `f` ON `u`.`openid`=`f`.`openid` WHERE  `u`.`openid` = '11' [ RunTime:0.015625s ]
[ sql ] [ SQL ] SELECT `r`.`route_dy_id`,`d`.`describes`,`r`.`thumb_route`,`r`.`create_time`,`r`.`idx_dy_route`,`r`.`route` FROM `dy_user` `u` INNER JOIN `dy_dynamic` `d` ON `u`.`openid`=`d`.`openid` INNER JOIN `dy_route` `r` ON `d`.`idx_dynamic`=`r`.`route_dy_id` WHERE  `u`.`openid` = '11' ORDER BY `r`.`create_time` DESC [ RunTime:0.000000s ]
[ sql ] [ SQL ] SELECT `f`.`fr_openid` FROM `dy_user` `u` INNER JOIN `dy_friend` `f` ON `u`.`openid`=`f`.`openid` WHERE  `u`.`openid` = '11' [ RunTime:0.000000s ]
[ sql ] [ SQL ] SELECT `u`.`nickname`,`u`.`headimgurl`,`d`.`idx_dynamic` FROM `dy_user` `u` INNER JOIN `dy_dynamic` `d` ON `u`.`openid`=`d`.`openid` WHERE  `u`.`openid` = '11' [ RunTime:0.015625s ]
---------------------------------------------------------------
[ 2019-08-17T23:37:09+08:00 ] 223.104.1.127 POST weicess.com/weice/public/index.php/index/index/show
[运行时间：0.093750s] [吞吐率：10.67req/s] [内存消耗：1,134.02kb] [文件加载：37]
[ info ] [ LANG ] E:\web\hesj84h8\wwwroot\weice\thinkphp\lang\zh-cn.php
[ info ] [ ROUTE ] array (
  'type' => 'module',
  'module' => 
  array (
    0 => 'index',
    1 => 'index',
    2 => 'show',
  ),
)
[ info ] [ HEADER ] array (
  'content-type' => 'application/x-www-form-urlencoded',
  'content-length' => '9',
  'postman-token' => 'cff1eded-ac63-4d16-840c-bf5ab99fbc25',
  'user-agent' => 'PostmanRuntime/6.1.6',
  'host' => 'weicess.com',
  'accept-encoding' => 'gzip, deflate',
  'accept' => '*/*',
  'connection' => 'keep-alive',
  'cache-control' => 'no-cache',
)
[ info ] [ PARAM ] array (
  'openid' => '11',
)
[ info ] [ RUN ] app\index\controller\Index->show[ E:\web\hesj84h8\wwwroot\weice\application\index\controller\Index.php ]
[ info ] [ LOG ] INIT File
[ error ] [8]未定义数组索引: openid[E:\web\hesj84h8\wwwroot\weice\application\index\controller\Index.php:21]
