---------------------------------------------------------------
[ 2019-08-20T15:22:30+08:00 ] 120.84.9.197 POST weicess.com/weice/public/index.php/index/albumlst/index
[运行时间：0.437500s] [吞吐率：2.29req/s] [内存消耗：1,317.71kb] [文件加载：40]
[ info ] [ LANG ] E:\web\hesj84h8\wwwroot\weice\thinkphp\lang\zh-cn.php
[ info ] [ ROUTE ] array (
  'type' => 'module',
  'module' => 
  array (
    0 => 'index',
    1 => 'albumlst',
    2 => 'index',
  ),
)
[ info ] [ HEADER ] array (
  'content-type' => 'application/x-www-form-urlencoded',
  'content-length' => '9',
  'postman-token' => '3267872a-aace-437e-b314-85a5b38200eb',
  'user-agent' => 'PostmanRuntime/6.1.6',
  'host' => 'weicess.com',
  'accept-encoding' => 'gzip, deflate',
  'accept' => '*/*',
  'connection' => 'keep-alive',
  'cache-control' => 'no-cache',
)
[ info ] [ PARAM ] array (
  'openid' => '11',
)
[ info ] [ RUN ] app\index\controller\Albumlst->index[ E:\web\hesj84h8\wwwroot\weice\application\index\controller\Albumlst.php ]
[ info ] [ DB ] INIT mysql
[ info ] [ LOG ] INIT File
[ sql ] [ DB ] CONNECT:[ UseTime:0.000000s ] mysql:host=103.126.100.17;dbname=weice;charset=utf8
[ sql ] [ SQL ] select describes, tabname, r.route_dy_id, thumb_route, r.create_time, count(thumb_route) as toutel, is_hot
            from dy_dynamic as d
			inner join dy_route as r on d.idx_dynamic = r.route_dy_id
			left join dy_tabs as t on 	d.idx_dynamic = t.idx_tabs
            where d.idx_dynamic = r.route_dy_id
            and d.idx_dynamic = t.idx_tabs
            and d.openid = '11'
			GROUP BY route_dy_id [ RunTime:0.000000s ]
[ error ] [8]未定义变量: arr[E:\web\hesj84h8\wwwroot\weice\application\index\controller\Albumlst.php:45]
